
ASEM-51 V1.3                                         Copyright (c) 2002 by W.W. Heinz                                         PAGE 1





       MCS-51 Family Macro Assembler   A S E M - 5 1   V 1.3
       =====================================================



	Source File:	..\..\vxl2\bai7_nut_matrix\keypad_matrix_buttons.ASM
	Object File:	..\..\vxl2\bai7_nut_matrix\keypad_matrix_buttons.hex
	List File:	..\..\vxl2\bai7_nut_matrix\keypad_matrix_buttons.lst



 Line  I  Addr  Code            Source

    1:		N      0000	org	0000H
    2:	  0000	02 02 00	ljmp	main
    3:		N      0200	org	200H
    4:
    5:	  0200			main:
    6:	  0200	75 B0 77	mov	p3,#01110111B
    7:	  0203	E5 B0		mov	a,p3
    8:	  0205	54 1F		anl	a,#00011111b
    9:	  0207	B4 76 05	cjne	a,#01110110b,check_11
   10:	  020A	75 A0 03	mov	p2,#00000011b
   11:	  020D	80 F1		jmp	main
   12:
   13:	  020F			check_11:
   14:	  020F	B4 75 06	cjne	a,#01110101b, check_12
   15:	  0212	75 A0 02	mov	p2,#00000010b
   16:	  0215	02 02 00	ljmp	main
   17:
   18:	  0218			check_12:
   19:	  0218	B4 13 05	cjne	a,#00010011b,check_2
   20:
   21:	  021B	75 A0 01	mov	p2,#00000001b
   22:	  021E	80 E0		jmp	main
   23:
   24:
   25:	  0220			check_2:
   26:	  0220	75 B0 6F	mov	p3,#01101111B
   27:	  0223	E5 B0		mov	a,p3
   28:	  0225	54 1F		anl	a,#00011111b
   29:	  0227	B4 0E 05	cjne	a,#00001110b, check_21
   30:	  022A	75 A0 06	mov	p2,#00000110b
   31:	  022D	80 D1		jmp	main
   32:
   33:	  022F			check_21:
   34:	  022F	B4 0D 05	cjne	a,#00001101b, check_22
   35:	  0232	75 A0 05	mov	p2,#00000101b
   36:	  0235	80 C9		jmp	main
   37:
   38:	  0237			check_22:
   39:	  0237	B4 0B 05	cjne	a,#00001011b, check_3
   40:	  023A	75 A0 04	mov	p2,#00000100b
   41:	  023D	80 C1		jmp	main
   42:
   43:	  023F			check_3:

ASEM-51 V1.3                                         Copyright (c) 2002 by W.W. Heinz                                         PAGE 2



 Line  I  Addr  Code            Source

   44:	  023F	75 B0 5F	mov	p3,#01011111B
   45:	  0242	E5 B0		mov	a,p3
   46:	  0244	54 1F		anl	a,#00011111b
   47:	  0246	B4 5E 05	cjne	a,#01011110b, end2
   48:	  0249	75 A0 07	mov	p2,#00000111b
   49:	  024C	80 B2		jmp	main
   50:
   51:
   52:
   53:	  024E			end2:
   54:	  024E	80 B0		jmp	main
   55:				end





                     register banks used:  ---

                     no errors




ASEM-51 V1.3                                         Copyright (c) 2002 by W.W. Heinz                                         PAGE 3





	       L I S T   O F   S Y M B O L S
	       =============================


SYMBOL				  TYPE     VALUE	LINE
------------------------------------------------------------
??ASEM_51			  NUMBER    8051
??VERSION			  NUMBER    0130
AC				  BIT	      D6
ACC				  DATA	      E0
B				  DATA	      F0
CHECK_11			  CODE	    020F	  13
CHECK_12			  CODE	    0218	  18
CHECK_2				  CODE	    0220	  25
CHECK_21			  CODE	    022F	  33
CHECK_22			  CODE	    0237	  38
CHECK_3				  CODE	    023F	  43
CY				  BIT	      D7
DPH				  DATA	      83
DPL				  DATA	      82
EA				  BIT	      AF
END2				  CODE	    024E	  53
ES				  BIT	      AC
ET0				  BIT	      A9
ET1				  BIT	      AB
EX0				  BIT	      A8
EX1				  BIT	      AA
EXTI0				  CODE	    0003
EXTI1				  CODE	    0013
F0				  BIT	      D5
IE				  DATA	      A8
IE0				  BIT	      89
IE1				  BIT	      8B
INT0				  BIT	      B2
INT1				  BIT	      B3
IP				  DATA	      B8
IT0				  BIT	      88
IT1				  BIT	      8A
MAIN				  CODE	    0200	   5
OV				  BIT	      D2
P				  BIT	      D0
P0				  DATA	      80
P1				  DATA	      90
P2				  DATA	      A0
P3				  DATA	      B0
PCON				  DATA	      87
PS				  BIT	      BC
PSW				  DATA	      D0
PT0				  BIT	      B9
PT1				  BIT	      BB
PX0				  BIT	      B8
PX1				  BIT	      BA
RB8				  BIT	      9A
RD				  BIT	      B7
REN				  BIT	      9C
RESET				  CODE	    0000

ASEM-51 V1.3                                         Copyright (c) 2002 by W.W. Heinz                                         PAGE 4



SYMBOL				  TYPE     VALUE	LINE
------------------------------------------------------------
RI				  BIT	      98
RS0				  BIT	      D3
RS1				  BIT	      D4
RXD				  BIT	      B0
SBUF				  DATA	      99
SCON				  DATA	      98
SINT				  CODE	    0023
SM0				  BIT	      9F
SM1				  BIT	      9E
SM2				  BIT	      9D
SP				  DATA	      81
T0				  BIT	      B4
T1				  BIT	      B5
TB8				  BIT	      9B
TCON				  DATA	      88
TF0				  BIT	      8D
TF1				  BIT	      8F
TH0				  DATA	      8C
TH1				  DATA	      8D
TI				  BIT	      99
TIMER0				  CODE	    000B
TIMER1				  CODE	    001B
TL0				  DATA	      8A
TL1				  DATA	      8B
TMOD				  DATA	      89
TR0				  BIT	      8C
TR1				  BIT	      8E
TXD				  BIT	      B1
WR				  BIT	      B6
