
ASEM-51 V1.3                                         Copyright (c) 2002 by W.W. Heinz                                         PAGE 1





       MCS-51 Family Macro Assembler   A S E M - 5 1   V 1.3
       =====================================================



	Source File:	3led_3chedo.ASM
	Object File:	3led_3chedo.hex
	List File:	3led_3chedo.lst



 Line  I  Addr  Code            Source

    1:		N      0000	org	0000H
    2:	  0000	02 02 00	ljmp	main
    3:		N      0200	org 	200h
    4:
    5:	  0200			main:
    6:	  0200	75 B0 00	mov	p3,#00H
    7:	  0203	7C 01		mov	r4,#1
    8:
    9:	  0205			main1:
   10:	  0205	E5 A0		mov	a,p2
   11:	  0207	54 07		anl	a,#00000111b
   12:	  0209	B4 07 02	cjne	a,#00000111b,checky
   13:	  020C	80 18		sjmp 	checkmode
   14:
   15:	  020E			checky:
   16:	  020E	B4 06 04	cjne	a,#00000110b,checky1
   17:	  0211	7C 02		mov	r4,#2
   18:	  0213	80 F0		sjmp 	main1
   19:
   20:	  0215			checky1:
   21:	  0215	B4 05 04	cjne	a,#00000101b,checky2
   22:	  0218	7C 03		mov	r4,#3
   23:	  021A	80 E9		sjmp	main1
   24:
   25:	  021C			checky2:
   26:	  021C	B4 03 04	cjne	a,#00000011b,finale
   27:	  021F	7C 04		mov	r4,#4
   28:	  0221	80 E2		sjmp	main1
   29:
   30:	  0223			finale:
   31:	  0223	02 02 05	ljmp	main1
   32:
   33:	  0226			checkmode:
   34:	  0226	BC 02 15	cjne	r4,#2,checkmode2
   35:	  0229	75 B0 01	mov	p3,#00000001B
   36:	  022C	12 02 62	lcall	wait1s
   37:
   38:	  022F	75 B0 02	mov	p3,#00000010B
   39:	  0232	12 02 62	lcall	wait1s
   40:
   41:	  0235	75 B0 04	mov	p3,#00000100B
   42:	  0238	12 02 62	lcall	wait1s
   43:

ASEM-51 V1.3                                         Copyright (c) 2002 by W.W. Heinz                                         PAGE 2



 Line  I  Addr  Code            Source

   44:	  023B	02 02 05	ljmp	main1
   45:
   46:	  023E			checkmode2:
   47:	  023E	BC 03 15	cjne	r4,#3,checkmode3
   48:
   49:	  0241	75 B0 04	mov	p3,#00000100B
   50:	  0244	12 02 62	lcall	wait1s
   51:
   52:	  0247	75 B0 02	mov	p3,#00000010B
   53:	  024A	12 02 62	lcall	wait1s
   54:
   55:	  024D	75 B0 01	mov	p3,#00000001B
   56:	  0250	12 02 62	lcall	wait1s
   57:
   58:	  0253	02 02 05	ljmp	main1
   59:
   60:	  0256			checkmode3:
   61:	  0256	BC 04 CA	cjne	r4,#4,finale
   62:	  0259	75 B0 00	mov	p3,#00H
   63:	  025C	12 02 62	lcall	wait1s
   64:
   65:	  025F	02 02 05	ljmp	main1
   66:
   67:	  0262			wait1s:
   68:	  0262	79 C8		mov	r1,#200
   69:
   70:	  0264			here1:
   71:	  0264	7A C8		mov	r2,#200
   72:
   73:	  0266			here2:
   74:	  0266	00		nop
   75:	  0267	00		nop
   76:	  0268	00		nop
   77:	  0269	DA FB		djnz	r2,here2
   78:	  026B	D9 F7		djnz	r1,here1
   79:	  026D	22		ret
   80:
   81:				end





                     register banks used:  ---

                     no errors




ASEM-51 V1.3                                         Copyright (c) 2002 by W.W. Heinz                                         PAGE 3





	       L I S T   O F   S Y M B O L S
	       =============================


SYMBOL				  TYPE     VALUE	LINE
------------------------------------------------------------
??ASEM_51			  NUMBER    8051
??VERSION			  NUMBER    0130
AC				  BIT	      D6
ACC				  DATA	      E0
B				  DATA	      F0
CHECKMODE			  CODE	    0226	  33
CHECKMODE2			  CODE	    023E	  46
CHECKMODE3			  CODE	    0256	  60
CHECKY				  CODE	    020E	  15
CHECKY1				  CODE	    0215	  20
CHECKY2				  CODE	    021C	  25
CY				  BIT	      D7
DPH				  DATA	      83
DPL				  DATA	      82
EA				  BIT	      AF
ES				  BIT	      AC
ET0				  BIT	      A9
ET1				  BIT	      AB
EX0				  BIT	      A8
EX1				  BIT	      AA
EXTI0				  CODE	    0003
EXTI1				  CODE	    0013
F0				  BIT	      D5
FINALE				  CODE	    0223	  30
HERE1				  CODE	    0264	  70
HERE2				  CODE	    0266	  73
IE				  DATA	      A8
IE0				  BIT	      89
IE1				  BIT	      8B
INT0				  BIT	      B2
INT1				  BIT	      B3
IP				  DATA	      B8
IT0				  BIT	      88
IT1				  BIT	      8A
MAIN				  CODE	    0200	   5
MAIN1				  CODE	    0205	   9
OV				  BIT	      D2
P				  BIT	      D0
P0				  DATA	      80
P1				  DATA	      90
P2				  DATA	      A0
P3				  DATA	      B0
PCON				  DATA	      87
PS				  BIT	      BC
PSW				  DATA	      D0
PT0				  BIT	      B9
PT1				  BIT	      BB
PX0				  BIT	      B8
PX1				  BIT	      BA
RB8				  BIT	      9A

ASEM-51 V1.3                                         Copyright (c) 2002 by W.W. Heinz                                         PAGE 4



SYMBOL				  TYPE     VALUE	LINE
------------------------------------------------------------
RD				  BIT	      B7
REN				  BIT	      9C
RESET				  CODE	    0000
RI				  BIT	      98
RS0				  BIT	      D3
RS1				  BIT	      D4
RXD				  BIT	      B0
SBUF				  DATA	      99
SCON				  DATA	      98
SINT				  CODE	    0023
SM0				  BIT	      9F
SM1				  BIT	      9E
SM2				  BIT	      9D
SP				  DATA	      81
T0				  BIT	      B4
T1				  BIT	      B5
TB8				  BIT	      9B
TCON				  DATA	      88
TF0				  BIT	      8D
TF1				  BIT	      8F
TH0				  DATA	      8C
TH1				  DATA	      8D
TI				  BIT	      99
TIMER0				  CODE	    000B
TIMER1				  CODE	    001B
TL0				  DATA	      8A
TL1				  DATA	      8B
TMOD				  DATA	      89
TR0				  BIT	      8C
TR1				  BIT	      8E
TXD				  BIT	      B1
WAIT1S				  CODE	    0262	  67
WR				  BIT	      B6
