
ASEM-51 V1.3                                         Copyright (c) 2002 by W.W. Heinz                                         PAGE 1





       MCS-51 Family Macro Assembler   A S E M - 5 1   V 1.3
       =====================================================



	Source File:	8led_nutbam.ASM
	Object File:	8led_nutbam.hex
	List File:	8led_nutbam.lst



 Line  I  Addr  Code            Source

    1:		N      0000	org 	0000H
    2:	  0000	02 02 00	ljmp 	main
    3:		N      0200	org	200H
    4:
    5:	  0200			main:
    6:	  0200	75 B0 00	mov	p3,#00H;tat led
    7:	  0203			main1:
    8:	  0203	E5 A0		mov	a,p2
    9:	  0205	54 FF		anl	a,#11111111b
   10:	  0207	B4 FF 04	cjne	a,#11111111b,checky
   11:	  020A	80 F7		sjmp	main1
   12:	  020C	AD C8		mov	r5,200
   13:
   14:	  020E			checky:
   15:	  020E	B4 FE 32	cjne	a,#11111110b,checky1
   16:	  0211	75 B0 01	mov	p3,#00000001B
   17:	  0214	12 02 7A	lcall	wait1s
   18:	  0217	75 B0 02	mov	p3,#00000010B
   19:	  021A	12 02 7A	lcall	wait1s
   20:	  021D	75 B0 04	mov	p3,#00000100B
   21:	  0220	12 02 7A	lcall	wait1s
   22:	  0223	75 B0 08	mov	p3,#00001000B
   23:	  0226	12 02 7A	lcall	wait1s
   24:	  0229	75 B0 10	mov	p3,#00010000B
   25:	  022C	12 02 7A	lcall	wait1s
   26:	  022F	75 B0 20	mov	p3,#00100000B
   27:	  0232	12 02 7A	lcall	wait1s
   28:	  0235	75 B0 40	mov	p3,#01000000B
   29:	  0238	12 02 7A	lcall	wait1s
   30:	  023B	75 B0 80	mov	p3,#10000000B
   31:	  023E	12 02 7A	lcall	wait1s
   32:	  0241	80 CB		sjmp	checky
   33:
   34:	  0243			checky1:
   35:	  0243	B4 FD 32	cjne	a,#11111101b,finale
   36:	  0246	75 B0 80	mov	p3,#10000000B
   37:	  0249	12 02 7A	lcall	wait1s
   38:	  024C	75 B0 40	mov	p3,#01000000B
   39:	  024F	12 02 7A	lcall	wait1s
   40:	  0252	75 B0 20	mov	p3,#00100000B
   41:	  0255	12 02 7A	lcall	wait1s
   42:	  0258	75 B0 10	mov	p3,#00010000B
   43:	  025B	12 02 7A	lcall	wait1s

ASEM-51 V1.3                                         Copyright (c) 2002 by W.W. Heinz                                         PAGE 2



 Line  I  Addr  Code            Source

   44:	  025E	75 B0 08	mov	p3,#00001000B
   45:	  0261	12 02 7A	lcall	wait1s
   46:	  0264	75 B0 04	mov	p3,#00000100B
   47:	  0267	12 02 7A	lcall	wait1s
   48:	  026A	75 B0 02	mov	p3,#00000010B
   49:	  026D	12 02 7A	lcall	wait1s
   50:	  0270	75 B0 01	mov	p3,#00000001B
   51:	  0273	12 02 7A	lcall	wait1s
   52:	  0276	80 8B		sjmp	main1
   53:
   54:	  0278			finale:
   55:	  0278	80 89		sjmp	main1
   56:
   57:	  027A			wait1s:
   58:	  027A	79 C8		mov	r1,#200
   59:
   60:	  027C			here1:
   61:	  027C	7A C8		mov	r2,#200
   62:
   63:	  027E			here2:
   64:	  027E	00		nop
   65:	  027F	00		nop
   66:	  0280	00		nop
   67:	  0281	DA FB		djnz	r2,here2
   68:	  0283	D9 F7		djnz	r1,here1
   69:	  0285	22		ret
   70:
   71:				end





                     register banks used:  ---

                     no errors




ASEM-51 V1.3                                         Copyright (c) 2002 by W.W. Heinz                                         PAGE 3





	       L I S T   O F   S Y M B O L S
	       =============================


SYMBOL				  TYPE     VALUE	LINE
------------------------------------------------------------
??ASEM_51			  NUMBER    8051
??VERSION			  NUMBER    0130
AC				  BIT	      D6
ACC				  DATA	      E0
B				  DATA	      F0
CHECKY				  CODE	    020E	  14
CHECKY1				  CODE	    0243	  34
CY				  BIT	      D7
DPH				  DATA	      83
DPL				  DATA	      82
EA				  BIT	      AF
ES				  BIT	      AC
ET0				  BIT	      A9
ET1				  BIT	      AB
EX0				  BIT	      A8
EX1				  BIT	      AA
EXTI0				  CODE	    0003
EXTI1				  CODE	    0013
F0				  BIT	      D5
FINALE				  CODE	    0278	  54
HERE1				  CODE	    027C	  60
HERE2				  CODE	    027E	  63
IE				  DATA	      A8
IE0				  BIT	      89
IE1				  BIT	      8B
INT0				  BIT	      B2
INT1				  BIT	      B3
IP				  DATA	      B8
IT0				  BIT	      88
IT1				  BIT	      8A
MAIN				  CODE	    0200	   5
MAIN1				  CODE	    0203	   7
OV				  BIT	      D2
P				  BIT	      D0
P0				  DATA	      80
P1				  DATA	      90
P2				  DATA	      A0
P3				  DATA	      B0
PCON				  DATA	      87
PS				  BIT	      BC
PSW				  DATA	      D0
PT0				  BIT	      B9
PT1				  BIT	      BB
PX0				  BIT	      B8
PX1				  BIT	      BA
RB8				  BIT	      9A
RD				  BIT	      B7
REN				  BIT	      9C
RESET				  CODE	    0000
RI				  BIT	      98

ASEM-51 V1.3                                         Copyright (c) 2002 by W.W. Heinz                                         PAGE 4



SYMBOL				  TYPE     VALUE	LINE
------------------------------------------------------------
RS0				  BIT	      D3
RS1				  BIT	      D4
RXD				  BIT	      B0
SBUF				  DATA	      99
SCON				  DATA	      98
SINT				  CODE	    0023
SM0				  BIT	      9F
SM1				  BIT	      9E
SM2				  BIT	      9D
SP				  DATA	      81
T0				  BIT	      B4
T1				  BIT	      B5
TB8				  BIT	      9B
TCON				  DATA	      88
TF0				  BIT	      8D
TF1				  BIT	      8F
TH0				  DATA	      8C
TH1				  DATA	      8D
TI				  BIT	      99
TIMER0				  CODE	    000B
TIMER1				  CODE	    001B
TL0				  DATA	      8A
TL1				  DATA	      8B
TMOD				  DATA	      89
TR0				  BIT	      8C
TR1				  BIT	      8E
TXD				  BIT	      B1
WAIT1S				  CODE	    027A	  57
WR				  BIT	      B6
