
ASEM-51 V1.3                                         Copyright (c) 2002 by W.W. Heinz                                         PAGE 1





       MCS-51 Family Macro Assembler   A S E M - 5 1   V 1.3
       =====================================================



	Source File:	..\..\vxl2\bai5_nut_bam\bogiaima_74ls148_8led.ASM
	Object File:	..\..\vxl2\bai5_nut_bam\bogiaima_74ls148_8led.hex
	List File:	..\..\vxl2\bai5_nut_bam\bogiaima_74ls148_8led.lst



 Line  I  Addr  Code            Source

    1:		N      0000	org	0000H
    2:	  0000	02 02 00	ljmp	main
    3:		N      0200	org	200H
    4:
    5:	  0200			main:
    6:	  0200	75 B0 00	mov	p3,#00H;tat led
    7:	  0203			main1:
    8:	  0203	E5 A0		mov	a,p2
    9:	  0205	54 07		anl	a,#00000111b
   10:	  0207	B4 07 02	cjne	a,#00000111b,checky
   11:	  020A	80 F7		sjmp	main1
   12:
   13:	  020C			checky:
   14:	  020C	B4 07 05	cjne	a,#00000111b,checky1
   15:	  020F	75 B0 01	mov	p3,#00000001B
   16:	  0212	80 EF		sjmp	main1
   17:
   18:	  0214			checky1:
   19:	  0214	B4 06 05	cjne	a,#00000110b,checky2
   20:	  0217	75 B0 02	mov	p3,#00000010B
   21:	  021A	80 E7		sjmp	main1
   22:
   23:	  021C			checky2:
   24:	  021C	B4 05 05	cjne	a,#00000101b,checky3
   25:	  021F	75 B0 04	mov	p3,#00000100B
   26:	  0222	80 DF		sjmp	main1
   27:
   28:	  0224			checky3:
   29:	  0224	B4 04 05	cjne	a,#00000100b,checky4
   30:	  0227	75 B0 08	mov	p3,#00001000B
   31:	  022A	80 D7		sjmp	main1
   32:
   33:	  022C			checky4:
   34:	  022C	B4 03 05	cjne	a,#00000011b,checky5
   35:	  022F	75 B0 10	mov	p3,#00010000B
   36:	  0232	80 CF		sjmp	main1
   37:
   38:	  0234			checky5:
   39:	  0234	B4 02 05	cjne	a,#00000010b,checky6
   40:	  0237	75 B0 20	mov	p3,#00100000B
   41:	  023A	80 C7		sjmp	main1
   42:
   43:	  023C			checky6:

ASEM-51 V1.3                                         Copyright (c) 2002 by W.W. Heinz                                         PAGE 2



 Line  I  Addr  Code            Source

   44:	  023C	B4 01 05	cjne	a,#00000001b,checky7
   45:	  023F	75 B0 40	mov	p3,#01000000B
   46:	  0242	80 BF		sjmp	main1
   47:
   48:	  0244			checky7:
   49:	  0244	B4 00 05	cjne	a,#00000000b,finale
   50:	  0247	75 B0 80	mov	p3,#10000000B
   51:	  024A	80 B7		sjmp	main1
   52:
   53:
   54:	  024C			finale:
   55:	  024C	80 B5		sjmp	main1
   56:
   57:				end





                     register banks used:  ---

                     no errors




ASEM-51 V1.3                                         Copyright (c) 2002 by W.W. Heinz                                         PAGE 3





	       L I S T   O F   S Y M B O L S
	       =============================


SYMBOL				  TYPE     VALUE	LINE
------------------------------------------------------------
??ASEM_51			  NUMBER    8051
??VERSION			  NUMBER    0130
AC				  BIT	      D6
ACC				  DATA	      E0
B				  DATA	      F0
CHECKY				  CODE	    020C	  13
CHECKY1				  CODE	    0214	  18
CHECKY2				  CODE	    021C	  23
CHECKY3				  CODE	    0224	  28
CHECKY4				  CODE	    022C	  33
CHECKY5				  CODE	    0234	  38
CHECKY6				  CODE	    023C	  43
CHECKY7				  CODE	    0244	  48
CY				  BIT	      D7
DPH				  DATA	      83
DPL				  DATA	      82
EA				  BIT	      AF
ES				  BIT	      AC
ET0				  BIT	      A9
ET1				  BIT	      AB
EX0				  BIT	      A8
EX1				  BIT	      AA
EXTI0				  CODE	    0003
EXTI1				  CODE	    0013
F0				  BIT	      D5
FINALE				  CODE	    024C	  54
IE				  DATA	      A8
IE0				  BIT	      89
IE1				  BIT	      8B
INT0				  BIT	      B2
INT1				  BIT	      B3
IP				  DATA	      B8
IT0				  BIT	      88
IT1				  BIT	      8A
MAIN				  CODE	    0200	   5
MAIN1				  CODE	    0203	   7
OV				  BIT	      D2
P				  BIT	      D0
P0				  DATA	      80
P1				  DATA	      90
P2				  DATA	      A0
P3				  DATA	      B0
PCON				  DATA	      87
PS				  BIT	      BC
PSW				  DATA	      D0
PT0				  BIT	      B9
PT1				  BIT	      BB
PX0				  BIT	      B8
PX1				  BIT	      BA
RB8				  BIT	      9A

ASEM-51 V1.3                                         Copyright (c) 2002 by W.W. Heinz                                         PAGE 4



SYMBOL				  TYPE     VALUE	LINE
------------------------------------------------------------
RD				  BIT	      B7
REN				  BIT	      9C
RESET				  CODE	    0000
RI				  BIT	      98
RS0				  BIT	      D3
RS1				  BIT	      D4
RXD				  BIT	      B0
SBUF				  DATA	      99
SCON				  DATA	      98
SINT				  CODE	    0023
SM0				  BIT	      9F
SM1				  BIT	      9E
SM2				  BIT	      9D
SP				  DATA	      81
T0				  BIT	      B4
T1				  BIT	      B5
TB8				  BIT	      9B
TCON				  DATA	      88
TF0				  BIT	      8D
TF1				  BIT	      8F
TH0				  DATA	      8C
TH1				  DATA	      8D
TI				  BIT	      99
TIMER0				  CODE	    000B
TIMER1				  CODE	    001B
TL0				  DATA	      8A
TL1				  DATA	      8B
TMOD				  DATA	      89
TR0				  BIT	      8C
TR1				  BIT	      8E
TXD				  BIT	      B1
WR				  BIT	      B6
