
ASEM-51 V1.3                                         Copyright (c) 2002 by W.W. Heinz                                         PAGE 1





       MCS-51 Family Macro Assembler   A S E M - 5 1   V 1.3
       =====================================================



	Source File:	..\..\vxl2\led_matrix\led_matrix_chu_A.ASM
	Object File:	..\..\vxl2\led_matrix\led_matrix_chu_A.hex
	List File:	..\..\vxl2\led_matrix\led_matrix_chu_A.lst



 Line  I  Addr  Code            Source

    1:		N      0000	org	0000H
    2:	  0000	02 02 00	ljmp	main
    3:		N      0200	org	200h
    4:
    5:	  0200			main:
    6:	  0200	12 02 03	lcall	chuA
    7:	  0203			chuA:
    8:	  0203	75 B0 FE	mov	p3,#11111110b;hang cuoi 1 thi h2-h7 tat
    9:	  0206	75 A0 18	mov	P2,#00011000b;cot p2.7
   10:	  0209	12 02 31	lcall	wait1s
   11:
   12:	  020C	75 B0 FD	mov	p3,#11111101b;hang cuoi 1 thi h2-h7 tat
   13:	  020F	75 A0 24	mov	P2,#00100100b;cot p2.7
   14:	  0212	12 02 31	lcall	wait1s
   15:
   16:	  0215	75 B0 FB	mov	p3,#11111011b;hang cuoi 1 thi h2-h7 tat
   17:	  0218	75 A0 42	mov	P2,#01000010b;cot p2.7
   18:	  021B	12 02 31	lcall	wait1s
   19:
   20:	  021E	75 B0 F7	mov	p3,#11110111b;hang cuoi 1 thi h2-h7 tat
   21:	  0221	75 A0 FF	mov	P2,#11111111b;cot p2.7
   22:	  0224	12 02 31	lcall	wait1s
   23:
   24:	  0227	75 B0 0F	mov	p3,#00001111b;hang cuoi 1 thi h2-h7 tat
   25:	  022A	75 A0 81	mov	P2,#10000001b;cot p2.7
   26:	  022D	12 02 31	lcall	wait1s
   27:	  0230	22		ret
   28:
   29:	  0231			wait1s:
   30:	  0231	7B 28		mov	r3,#40
   31:	  0233			here1:
   32:	  0233	7C 28		mov	r4,#40
   33:
   34:	  0235			here2:
   35:	  0235	00		nop
   36:	  0236	00		nop
   37:	  0237	00		nop
   38:	  0238	DC FB		djnz	r4,here2
   39:	  023A	DB F7		djnz	r3,here1
   40:	  023C	22		ret
   41:
   42:
   43:				end

ASEM-51 V1.3                                         Copyright (c) 2002 by W.W. Heinz                                         PAGE 2








                     register banks used:  ---

                     no errors




ASEM-51 V1.3                                         Copyright (c) 2002 by W.W. Heinz                                         PAGE 3





	       L I S T   O F   S Y M B O L S
	       =============================


SYMBOL				  TYPE     VALUE	LINE
------------------------------------------------------------
??ASEM_51			  NUMBER    8051
??VERSION			  NUMBER    0130
AC				  BIT	      D6
ACC				  DATA	      E0
B				  DATA	      F0
CHUA				  CODE	    0203	   7
CY				  BIT	      D7
DPH				  DATA	      83
DPL				  DATA	      82
EA				  BIT	      AF
ES				  BIT	      AC
ET0				  BIT	      A9
ET1				  BIT	      AB
EX0				  BIT	      A8
EX1				  BIT	      AA
EXTI0				  CODE	    0003
EXTI1				  CODE	    0013
F0				  BIT	      D5
HERE1				  CODE	    0233	  31
HERE2				  CODE	    0235	  34
IE				  DATA	      A8
IE0				  BIT	      89
IE1				  BIT	      8B
INT0				  BIT	      B2
INT1				  BIT	      B3
IP				  DATA	      B8
IT0				  BIT	      88
IT1				  BIT	      8A
MAIN				  CODE	    0200	   5
OV				  BIT	      D2
P				  BIT	      D0
P0				  DATA	      80
P1				  DATA	      90
P2				  DATA	      A0
P3				  DATA	      B0
PCON				  DATA	      87
PS				  BIT	      BC
PSW				  DATA	      D0
PT0				  BIT	      B9
PT1				  BIT	      BB
PX0				  BIT	      B8
PX1				  BIT	      BA
RB8				  BIT	      9A
RD				  BIT	      B7
REN				  BIT	      9C
RESET				  CODE	    0000
RI				  BIT	      98
RS0				  BIT	      D3
RS1				  BIT	      D4
RXD				  BIT	      B0

ASEM-51 V1.3                                         Copyright (c) 2002 by W.W. Heinz                                         PAGE 4



SYMBOL				  TYPE     VALUE	LINE
------------------------------------------------------------
SBUF				  DATA	      99
SCON				  DATA	      98
SINT				  CODE	    0023
SM0				  BIT	      9F
SM1				  BIT	      9E
SM2				  BIT	      9D
SP				  DATA	      81
T0				  BIT	      B4
T1				  BIT	      B5
TB8				  BIT	      9B
TCON				  DATA	      88
TF0				  BIT	      8D
TF1				  BIT	      8F
TH0				  DATA	      8C
TH1				  DATA	      8D
TI				  BIT	      99
TIMER0				  CODE	    000B
TIMER1				  CODE	    001B
TL0				  DATA	      8A
TL1				  DATA	      8B
TMOD				  DATA	      89
TR0				  BIT	      8C
TR1				  BIT	      8E
TXD				  BIT	      B1
WAIT1S				  CODE	    0231	  29
WR				  BIT	      B6
