
ASEM-51 V1.3                                         Copyright (c) 2002 by W.W. Heinz                                         PAGE 1





       MCS-51 Family Macro Assembler   A S E M - 5 1   V 1.3
       =====================================================



	Source File:	..\..\vxl2\bai3_led7thanh_BCD\2led_don_chot.ASM
	Object File:	..\..\vxl2\bai3_led7thanh_BCD\2led_don_chot.hex
	List File:	..\..\vxl2\bai3_led7thanh_BCD\2led_don_chot.lst



 Line  I  Addr  Code            Source

    1:		N      0000	org 	000H
    2:	  0000	02 02 00	ljmp 	main
    3:		N      0200	org 	200H
    4:
    5:	  0200			main:
    6:	  0200	7B 02		mov	r3,#2
    7:	  0202	7C 02		mov	r4,#2
    8:	  0204			loop1:
    9:	  0204	75 F0 40		mov 	b,#40H
   10:	  0207	12 02 45		lcall 	dsp
   11:	  020A	75 F0 79		mov 	b,#79H
   12:	  020D	12 02 45		lcall 	dsp
   13:	  0210	75 F0 24		mov 	b,#24H
   14:	  0213	12 02 45		lcall 	dsp
   15:	  0216	75 F0 30		mov 	b,#30H
   16:	  0219	12 02 45		lcall 	dsp
   17:	  021C	75 F0 19		mov 	b,#19H
   18:	  021F	12 02 45		lcall 	dsp
   19:	  0222	75 F0 12		mov 	b,#12H
   20:	  0225	12 02 45		lcall 	dsp
   21:	  0228	75 F0 02		mov 	b,#02H
   22:	  022B	12 02 45		lcall 	dsp
   23:	  022E	75 F0 78		mov 	b,#78H
   24:	  0231	12 02 45		lcall 	dsp
   25:	  0234	75 F0 00		mov 	b,#00H
   26:	  0237	12 02 45		lcall	 dsp
   27:	  023A	75 F0 10		mov 	b,#10H
   28:	  023D	12 02 45		lcall 	dsp
   29:	  0240	DB C2		djnz	r3,loop1
   30:
   31:	  0242			loop2:
   32:	  0242	02 02 96	ljmp	loop3
   33:
   34:	  0245			dsp:
   35:	  0245	12 03 45	lcall hangchuc
   36:	  0248	74 40		mov	a,#40H
   37:	  024A	12 03 50	lcall	hangdv
   38:
   39:	  024D	12 03 45	lcall hangchuc
   40:	  0250	74 79		mov	a,#79H
   41:	  0252	12 03 50	lcall	hangdv
   42:
   43:	  0255	12 03 45	lcall hangchuc

ASEM-51 V1.3                                         Copyright (c) 2002 by W.W. Heinz                                         PAGE 2



 Line  I  Addr  Code            Source

   44:	  0258	74 24		mov	a,#24H
   45:	  025A	12 03 50	lcall	hangdv
   46:
   47:	  025D	12 03 45	lcall hangchuc
   48:	  0260	74 30		mov	a,#30H
   49:	  0262	12 03 50	lcall	hangdv
   50:
   51:	  0265	12 03 45	lcall hangchuc
   52:	  0268	74 19		mov	a,#19H
   53:	  026A	12 03 50	lcall	hangdv
   54:
   55:	  026D	12 03 45	lcall hangchuc
   56:	  0270	74 12		mov	a,#12H
   57:	  0272	12 03 50	lcall	hangdv
   58:
   59:	  0275	12 03 45	lcall hangchuc
   60:	  0278	74 02		mov	a,#02H
   61:	  027A	12 03 50	lcall	hangdv
   62:
   63:	  027D	12 03 45	lcall hangchuc
   64:	  0280	74 78		mov	a,#78H
   65:	  0282	12 03 50	lcall	hangdv
   66:
   67:	  0285	12 03 45	lcall hangchuc
   68:	  0288	74 00		mov	a,#00H
   69:	  028A	12 03 50	lcall	hangdv
   70:
   71:	  028D	12 03 45	lcall hangchuc
   72:	  0290	74 10		mov	a,#10H
   73:	  0292	12 03 50	lcall	hangdv
   74:	  0295	22		ret
   75:
   76:	  0296			loop3:
   77:	  0296	75 F0 10		mov 	b,#10H
   78:	  0299	12 02 F4		lcall 	dsp1
   79:	  029C	75 F0 00		mov 	b,#00H
   80:	  029F	12 02 F4		lcall 	dsp1
   81:	  02A2	75 F0 78		mov 	b,#78H
   82:	  02A5	12 02 F4		lcall 	dsp1
   83:	  02A8	75 F0 02		mov 	b,#02H
   84:	  02AB	12 02 F4		lcall 	dsp1
   85:	  02AE	75 F0 12		mov 	b,#12H
   86:	  02B1	12 02 F4		lcall 	dsp1
   87:	  02B4	75 F0 19		mov 	b,#19H
   88:	  02B7	12 02 F4		lcall 	dsp1
   89:	  02BA	75 F0 30		mov 	b,#30H
   90:	  02BD	12 02 F4		lcall 	dsp1
   91:	  02C0	75 F0 24		mov 	b,#24H
   92:	  02C3	12 02 F4		lcall 	dsp1
   93:	  02C6	75 F0 79		mov 	b,#79H
   94:	  02C9	12 02 F4		lcall	 dsp1
   95:	  02CC	75 F0 40		mov 	b,#40H
   96:	  02CF	12 02 F4		lcall 	dsp1
   97:	  02D2	DC C2		djnz	r4,loop3
   98:
   99:	  02D4			loop6:

ASEM-51 V1.3                                         Copyright (c) 2002 by W.W. Heinz                                         PAGE 3



 Line  I  Addr  Code            Source

  100:	  02D4	C2 A1		clr	p2.1
  101:	  02D6	C2 A0		clr	p2.0
  102:	  02D8	75 A0 03	mov	p2,#3h
  103:	  02DB	75 80 FF	mov	p0,#11111111b
  104:	  02DE	12 03 5A	lcall	wait1s
  105:	  02E1	C2 A1		clr	p2.1
  106:	  02E3	D2 A0		setb	p2.0
  107:	  02E5	75 80 24	mov	p0,#24H
  108:	  02E8	C2 A0		clr	p2.0
  109:	  02EA	D2 A1		setb	p2.1
  110:	  02EC	75 80 40	mov	p0,#40H
  111:	  02EF	12 03 5A	lcall	wait1s
  112:
  113:
  114:	  02F2	80 E0		sjmp	loop6
  115:
  116:	  02F4			dsp1:
  117:	  02F4	12 03 45	lcall hangchuc
  118:	  02F7	74 10		mov	a,#10H
  119:	  02F9	12 03 50	lcall	hangdv
  120:
  121:	  02FC	12 03 45	lcall hangchuc
  122:	  02FF	74 00		mov	a,#00H
  123:	  0301	12 03 50	lcall	hangdv
  124:
  125:	  0304	12 03 45	lcall hangchuc
  126:	  0307	74 78		mov	a,#78H
  127:	  0309	12 03 50	lcall	hangdv
  128:
  129:	  030C	12 03 45	lcall hangchuc
  130:	  030F	74 02		mov	a,#02H
  131:	  0311	12 03 50	lcall	hangdv
  132:
  133:	  0314	12 03 45	lcall hangchuc
  134:	  0317	74 12		mov	a,#12H
  135:	  0319	12 03 50	lcall	hangdv
  136:
  137:	  031C	12 03 45	lcall hangchuc
  138:	  031F	74 19		mov	a,#19H
  139:	  0321	12 03 50	lcall	hangdv
  140:
  141:	  0324	12 03 45	lcall hangchuc
  142:	  0327	74 30		mov	a,#30H
  143:	  0329	12 03 50	lcall	hangdv
  144:
  145:	  032C	12 03 45	lcall hangchuc
  146:	  032F	74 24		mov	a,#24H
  147:	  0331	12 03 50	lcall	hangdv
  148:
  149:	  0334	12 03 45	lcall hangchuc
  150:	  0337	74 79		mov	a,#79H
  151:	  0339	12 03 50	lcall	hangdv
  152:
  153:	  033C	12 03 45	lcall hangchuc
  154:	  033F	74 40		mov	a,#40H
  155:	  0341	12 03 50	lcall	hangdv

ASEM-51 V1.3                                         Copyright (c) 2002 by W.W. Heinz                                         PAGE 4



 Line  I  Addr  Code            Source

  156:	  0344	22		ret
  157:
  158:
  159:
  160:	  0345			hangchuc:
  161:	  0345	D2 A0		setb	p2.0
  162:	  0347	C2 A1		clr	p2.1
  163:	  0349	85 F0 80	mov	p0,b
  164:	  034C	12 03 5A	lcall	wait1s
  165:	  034F	22		ret
  166:
  167:	  0350			hangdv:
  168:	  0350	C2 A0		clr	p2.0
  169:	  0352	D2 A1		setb	p2.1
  170:	  0354	F5 80		mov	p0,a
  171:	  0356	12 03 5A	lcall	wait1s
  172:	  0359	22		ret
  173:
  174:	  035A			wait1s:
  175:	  035A	79 64			mov R1,#100
  176:	  035C			here1:
  177:	  035C	7A 64			mov R2,#100
  178:	  035E			here2:
  179:	  035E	00			nop
  180:	  035F	00			nop
  181:	  0360	00			nop
  182:	  0361	DA FB			djnz R2,here2
  183:	  0363	D9 F7			djnz R1,here1
  184:	  0365	22			ret
  185:				end
  186:





                     register banks used:  ---

                     no errors




ASEM-51 V1.3                                         Copyright (c) 2002 by W.W. Heinz                                         PAGE 5





	       L I S T   O F   S Y M B O L S
	       =============================


SYMBOL				  TYPE     VALUE	LINE
------------------------------------------------------------
??ASEM_51			  NUMBER    8051
??VERSION			  NUMBER    0130
AC				  BIT	      D6
ACC				  DATA	      E0
B				  DATA	      F0
CY				  BIT	      D7
DPH				  DATA	      83
DPL				  DATA	      82
DSP				  CODE	    0245	  34
DSP1				  CODE	    02F4	 116
EA				  BIT	      AF
ES				  BIT	      AC
ET0				  BIT	      A9
ET1				  BIT	      AB
EX0				  BIT	      A8
EX1				  BIT	      AA
EXTI0				  CODE	    0003
EXTI1				  CODE	    0013
F0				  BIT	      D5
HANGCHUC			  CODE	    0345	 160
HANGDV				  CODE	    0350	 167
HERE1				  CODE	    035C	 176
HERE2				  CODE	    035E	 178
IE				  DATA	      A8
IE0				  BIT	      89
IE1				  BIT	      8B
INT0				  BIT	      B2
INT1				  BIT	      B3
IP				  DATA	      B8
IT0				  BIT	      88
IT1				  BIT	      8A
LOOP1				  CODE	    0204	   8
LOOP2				  CODE	    0242	  31
LOOP3				  CODE	    0296	  76
LOOP6				  CODE	    02D4	  99
MAIN				  CODE	    0200	   5
OV				  BIT	      D2
P				  BIT	      D0
P0				  DATA	      80
P1				  DATA	      90
P2				  DATA	      A0
P3				  DATA	      B0
PCON				  DATA	      87
PS				  BIT	      BC
PSW				  DATA	      D0
PT0				  BIT	      B9
PT1				  BIT	      BB
PX0				  BIT	      B8
PX1				  BIT	      BA
RB8				  BIT	      9A

ASEM-51 V1.3                                         Copyright (c) 2002 by W.W. Heinz                                         PAGE 6



SYMBOL				  TYPE     VALUE	LINE
------------------------------------------------------------
RD				  BIT	      B7
REN				  BIT	      9C
RESET				  CODE	    0000
RI				  BIT	      98
RS0				  BIT	      D3
RS1				  BIT	      D4
RXD				  BIT	      B0
SBUF				  DATA	      99
SCON				  DATA	      98
SINT				  CODE	    0023
SM0				  BIT	      9F
SM1				  BIT	      9E
SM2				  BIT	      9D
SP				  DATA	      81
T0				  BIT	      B4
T1				  BIT	      B5
TB8				  BIT	      9B
TCON				  DATA	      88
TF0				  BIT	      8D
TF1				  BIT	      8F
TH0				  DATA	      8C
TH1				  DATA	      8D
TI				  BIT	      99
TIMER0				  CODE	    000B
TIMER1				  CODE	    001B
TL0				  DATA	      8A
TL1				  DATA	      8B
TMOD				  DATA	      89
TR0				  BIT	      8C
TR1				  BIT	      8E
TXD				  BIT	      B1
WAIT1S				  CODE	    035A	 174
WR				  BIT	      B6
