
ASEM-51 V1.3                                         Copyright (c) 2002 by W.W. Heinz                                         PAGE 1





       MCS-51 Family Macro Assembler   A S E M - 5 1   V 1.3
       =====================================================



	Source File:	..\..\vxl2\bai3_led7thanh_BCD\7thanh_4511_nhapmhay_kathode.ASM
	Object File:	..\..\vxl2\bai3_led7thanh_BCD\7thanh_4511_nhapmhay_kathode.hex
	List File:	..\..\vxl2\bai3_led7thanh_BCD\7thanh_4511_nhapmhay_kathode.lst



 Line  I  Addr  Code            Source

    1:		N      0000	org 	0000H
    2:	  0000	02 02 00	ljmp	main
    3:		N      0200	org 	200H
    4:
    5:	  0200			main:
    6:	  0200	7B 03		mov	 r3,#3
    7:
    8:	  0202			loop1:
    9:	  0202	75 A0 00	mov	P2,#00000000b;0
   10:	  0205	12 02 60	lcall 	wait1s
   11:
   12:	  0208	75 A0 01	mov	P2,#00000001b;1
   13:	  020B	12 02 60	lcall 	wait1s
   14:
   15:	  020E	75 A0 02	mov	P2,#00000010b;2
   16:	  0211	12 02 60	lcall 	wait1s
   17:
   18:	  0214	75 A0 03	mov	P2,#00000011b;3
   19:	  0217	12 02 60	lcall 	wait1s
   20:
   21:	  021A	75 A0 04	mov	P2,#00000100b;4
   22:	  021D	12 02 60	lcall 	wait1s
   23:
   24:	  0220	75 A0 05	mov	P2,#00000101b;5
   25:	  0223	12 02 60	lcall 	wait1s
   26:
   27:	  0226	75 A0 06	mov	P2,#00000110b;6
   28:	  0229	12 02 60	lcall 	wait1s
   29:
   30:	  022C	75 A0 07	mov	P2,#00000111b;7
   31:	  022F	12 02 60	lcall 	wait1s
   32:
   33:	  0232	75 A0 08	mov	P2,#00001000b;8
   34:	  0235	12 02 60	lcall 	wait1s
   35:
   36:	  0238	75 A0 09	mov	P2,#00001001b;9
   37:	  023B	12 02 60	lcall 	wait1s
   38:
   39:	  023E	DB C2		djnz	r3,loop1
   40:
   41:	  0240			loop2:
   42:
   43:	  0240	75 A0 00	mov	P2,#00000000b;0

ASEM-51 V1.3                                         Copyright (c) 2002 by W.W. Heinz                                         PAGE 2



 Line  I  Addr  Code            Source

   44:	  0243	12 02 60	lcall 	wait1s
   45:
   46:	  0246	75 A0 0F	mov	P2,#00001111b;0
   47:	  0249	12 02 60	lcall 	wait1s
   48:	  024C	12 02 60	lcall 	wait1s
   49:	  024F	12 02 60	lcall 	wait1s
   50:	  0252	12 02 60	lcall 	wait1s
   51:	  0255	12 02 60	lcall 	wait1s
   52:	  0258	12 02 60	lcall 	wait1s
   53:	  025B	12 02 60	lcall 	wait1s
   54:
   55:	  025E	80 E0		sjmp loop2
   56:
   57:	  0260			wait1s:
   58:	  0260	79 C8		mov 	r1,#200
   59:
   60:	  0262			here1:
   61:	  0262	7A C8		mov	r2,#200
   62:
   63:	  0264			here2:
   64:	  0264	00		nop
   65:	  0265	00		nop
   66:	  0266	00		nop
   67:	  0267	DA FB		djnz	r2,here2
   68:	  0269	D9 F7		djnz	r1,here1
   69:	  026B	22		ret
   70:
   71:				end





                     register banks used:  ---

                     no errors




ASEM-51 V1.3                                         Copyright (c) 2002 by W.W. Heinz                                         PAGE 3





	       L I S T   O F   S Y M B O L S
	       =============================


SYMBOL				  TYPE     VALUE	LINE
------------------------------------------------------------
??ASEM_51			  NUMBER    8051
??VERSION			  NUMBER    0130
AC				  BIT	      D6
ACC				  DATA	      E0
B				  DATA	      F0
CY				  BIT	      D7
DPH				  DATA	      83
DPL				  DATA	      82
EA				  BIT	      AF
ES				  BIT	      AC
ET0				  BIT	      A9
ET1				  BIT	      AB
EX0				  BIT	      A8
EX1				  BIT	      AA
EXTI0				  CODE	    0003
EXTI1				  CODE	    0013
F0				  BIT	      D5
HERE1				  CODE	    0262	  60
HERE2				  CODE	    0264	  63
IE				  DATA	      A8
IE0				  BIT	      89
IE1				  BIT	      8B
INT0				  BIT	      B2
INT1				  BIT	      B3
IP				  DATA	      B8
IT0				  BIT	      88
IT1				  BIT	      8A
LOOP1				  CODE	    0202	   8
LOOP2				  CODE	    0240	  41
MAIN				  CODE	    0200	   5
OV				  BIT	      D2
P				  BIT	      D0
P0				  DATA	      80
P1				  DATA	      90
P2				  DATA	      A0
P3				  DATA	      B0
PCON				  DATA	      87
PS				  BIT	      BC
PSW				  DATA	      D0
PT0				  BIT	      B9
PT1				  BIT	      BB
PX0				  BIT	      B8
PX1				  BIT	      BA
RB8				  BIT	      9A
RD				  BIT	      B7
REN				  BIT	      9C
RESET				  CODE	    0000
RI				  BIT	      98
RS0				  BIT	      D3
RS1				  BIT	      D4

ASEM-51 V1.3                                         Copyright (c) 2002 by W.W. Heinz                                         PAGE 4



SYMBOL				  TYPE     VALUE	LINE
------------------------------------------------------------
RXD				  BIT	      B0
SBUF				  DATA	      99
SCON				  DATA	      98
SINT				  CODE	    0023
SM0				  BIT	      9F
SM1				  BIT	      9E
SM2				  BIT	      9D
SP				  DATA	      81
T0				  BIT	      B4
T1				  BIT	      B5
TB8				  BIT	      9B
TCON				  DATA	      88
TF0				  BIT	      8D
TF1				  BIT	      8F
TH0				  DATA	      8C
TH1				  DATA	      8D
TI				  BIT	      99
TIMER0				  CODE	    000B
TIMER1				  CODE	    001B
TL0				  DATA	      8A
TL1				  DATA	      8B
TMOD				  DATA	      89
TR0				  BIT	      8C
TR1				  BIT	      8E
TXD				  BIT	      B1
WAIT1S				  CODE	    0260	  57
WR				  BIT	      B6
