
ASEM-51 V1.3                                         Copyright (c) 2002 by W.W. Heinz                                         PAGE 1





       MCS-51 Family Macro Assembler   A S E M - 5 1   V 1.3
       =====================================================



	Source File:	..\..\vxl2\bai3_led7thanh_BCD\led_doi_099_nhay2lan_quayve.ASM
	Object File:	..\..\vxl2\bai3_led7thanh_BCD\led_doi_099_nhay2lan_quayve.hex
	List File:	..\..\vxl2\bai3_led7thanh_BCD\led_doi_099_nhay2lan_quayve.lst



 Line  I  Addr  Code            Source

    1:		N      0000	org 	000H
    2:	  0000	02 02 00	ljmp 	main
    3:		N      0200	org 	200H
    4:
    5:	  0200			main:
    6:	  0200	7B 01		mov	r3,#1
    7:	  0202	7C 01		mov	r4,#1
    8:	  0204			loop1:
    9:	  0204	75 F0 40		mov 	b,#40H
   10:	  0207	12 02 45		lcall 	dsp
   11:	  020A	75 F0 79		mov 	b,#79H
   12:	  020D	12 02 45		lcall 	dsp
   13:	  0210	75 F0 24		mov 	b,#24H
   14:	  0213	12 02 45		lcall 	dsp
   15:	  0216	75 F0 30		mov 	b,#30H
   16:	  0219	12 02 45		lcall 	dsp
   17:	  021C	75 F0 19		mov 	b,#19H
   18:	  021F	12 02 45		lcall 	dsp
   19:	  0222	75 F0 12		mov 	b,#12H
   20:	  0225	12 02 45		lcall 	dsp
   21:	  0228	75 F0 02		mov 	b,#02H
   22:	  022B	12 02 45		lcall 	dsp
   23:	  022E	75 F0 78		mov 	b,#78H
   24:	  0231	12 02 45		lcall 	dsp
   25:	  0234	75 F0 00		mov 	b,#00H
   26:	  0237	12 02 45		lcall	 dsp
   27:	  023A	75 F0 10		mov 	b,#10H
   28:	  023D	12 02 45		lcall 	dsp
   29:	  0240	DB C2		djnz	r3,loop1
   30:
   31:	  0242			loop2:
   32:	  0242	02 02 96	ljmp	loop3
   33:
   34:	  0245			dsp:
   35:	  0245	12 03 48	lcall hangchuc
   36:	  0248	74 40		mov	a,#40H
   37:	  024A	12 03 53	lcall	hangdv
   38:
   39:	  024D	12 03 48	lcall hangchuc
   40:	  0250	74 79		mov	a,#79H
   41:	  0252	12 03 53	lcall	hangdv
   42:
   43:	  0255	12 03 48	lcall hangchuc

ASEM-51 V1.3                                         Copyright (c) 2002 by W.W. Heinz                                         PAGE 2



 Line  I  Addr  Code            Source

   44:	  0258	74 24		mov	a,#24H
   45:	  025A	12 03 53	lcall	hangdv
   46:
   47:	  025D	12 03 48	lcall hangchuc
   48:	  0260	74 30		mov	a,#30H
   49:	  0262	12 03 53	lcall	hangdv
   50:
   51:	  0265	12 03 48	lcall hangchuc
   52:	  0268	74 19		mov	a,#19H
   53:	  026A	12 03 53	lcall	hangdv
   54:
   55:	  026D	12 03 48	lcall hangchuc
   56:	  0270	74 12		mov	a,#12H
   57:	  0272	12 03 53	lcall	hangdv
   58:
   59:	  0275	12 03 48	lcall hangchuc
   60:	  0278	74 02		mov	a,#02H
   61:	  027A	12 03 53	lcall	hangdv
   62:
   63:	  027D	12 03 48	lcall hangchuc
   64:	  0280	74 78		mov	a,#78H
   65:	  0282	12 03 53	lcall	hangdv
   66:
   67:	  0285	12 03 48	lcall hangchuc
   68:	  0288	74 00		mov	a,#00H
   69:	  028A	12 03 53	lcall	hangdv
   70:
   71:	  028D	12 03 48	lcall hangchuc
   72:	  0290	74 10		mov	a,#10H
   73:	  0292	12 03 53	lcall	hangdv
   74:	  0295	22		ret
   75:
   76:	  0296			loop3:
   77:	  0296	75 F0 10		mov 	b,#10H
   78:	  0299	12 02 D7		lcall 	dsp1
   79:	  029C	75 F0 00		mov 	b,#00H
   80:	  029F	12 02 D7		lcall 	dsp1
   81:	  02A2	75 F0 78		mov 	b,#78H
   82:	  02A5	12 02 D7		lcall 	dsp1
   83:	  02A8	75 F0 02		mov 	b,#02H
   84:	  02AB	12 02 D7		lcall 	dsp1
   85:	  02AE	75 F0 12		mov 	b,#12H
   86:	  02B1	12 02 D7		lcall 	dsp1
   87:	  02B4	75 F0 19		mov 	b,#19H
   88:	  02B7	12 02 D7		lcall 	dsp1
   89:	  02BA	75 F0 30		mov 	b,#30H
   90:	  02BD	12 02 D7		lcall 	dsp1
   91:	  02C0	75 F0 24		mov 	b,#24H
   92:	  02C3	12 02 D7		lcall 	dsp1
   93:	  02C6	75 F0 79		mov 	b,#79H
   94:	  02C9	12 02 D7		lcall	 dsp1
   95:	  02CC	75 F0 40		mov 	b,#40H
   96:	  02CF	12 02 D7		lcall 	dsp1
   97:	  02D2	DC C2		djnz	r4,loop3
   98:
   99:	  02D4			loop5:

ASEM-51 V1.3                                         Copyright (c) 2002 by W.W. Heinz                                         PAGE 3



 Line  I  Addr  Code            Source

  100:	  02D4	02 03 28	ljmp loop9
  101:
  102:	  02D7			dsp1:
  103:	  02D7	12 03 48	lcall hangchuc
  104:	  02DA	74 10		mov	a,#10H
  105:	  02DC	12 03 53	lcall	hangdv
  106:
  107:	  02DF	12 03 48	lcall hangchuc
  108:	  02E2	74 00		mov	a,#00H
  109:	  02E4	12 03 53	lcall	hangdv
  110:
  111:
  112:	  02E7	12 03 48	lcall hangchuc
  113:	  02EA	74 78		mov	a,#78H
  114:	  02EC	12 03 53	lcall	hangdv
  115:
  116:	  02EF	12 03 48	lcall hangchuc
  117:	  02F2	74 02		mov	a,#02H
  118:	  02F4	12 03 53	lcall	hangdv
  119:
  120:	  02F7	12 03 48	lcall hangchuc
  121:	  02FA	74 12		mov	a,#12H
  122:	  02FC	12 03 53	lcall	hangdv
  123:
  124:	  02FF	12 03 48	lcall hangchuc
  125:	  0302	74 19		mov	a,#19H
  126:	  0304	12 03 53	lcall	hangdv
  127:
  128:	  0307	12 03 48	lcall hangchuc
  129:	  030A	74 30		mov	a,#30H
  130:	  030C	12 03 53	lcall	hangdv
  131:
  132:	  030F	12 03 48	lcall hangchuc
  133:	  0312	74 24		mov	a,#24H
  134:	  0314	12 03 53	lcall	hangdv
  135:
  136:	  0317	12 03 48	lcall hangchuc
  137:	  031A	74 79		mov	a,#79H
  138:	  031C	12 03 53	lcall	hangdv
  139:
  140:	  031F	12 03 48	lcall hangchuc
  141:	  0322	74 40		mov	a,#40H
  142:	  0324	12 03 53	lcall	hangdv
  143:	  0327	22		ret
  144:
  145:	  0328			loop9:
  146:
  147:	  0328	75 B0 06	mov	p3,#00000110B
  148:	  032B	75 A0 7F	mov	p2,#7Fh
  149:	  032E	12 03 5D	lcall	wait1s
  150:
  151:	  0331	75 B0 00	mov	p3,#00000000B
  152:	  0334	12 03 5D	lcall	wait1s
  153:
  154:	  0337	75 B0 00	mov	p3,#00000000B
  155:	  033A	12 03 5D	lcall	wait1s

ASEM-51 V1.3                                         Copyright (c) 2002 by W.W. Heinz                                         PAGE 4



 Line  I  Addr  Code            Source

  156:
  157:	  033D	75 B0 06	mov	p3,#00000110B
  158:	  0340	75 A0 00	mov	p2,#00H
  159:	  0343	12 03 5D	lcall	wait1s
  160:	  0346	80 E0		sjmp	loop9
  161:
  162:	  0348			hangchuc:
  163:	  0348	D2 B1		setb	p3.1
  164:	  034A	C2 B2		clr	p3.2
  165:	  034C	85 F0 A0	mov	p2,b
  166:	  034F	12 03 5D	lcall	wait1s
  167:	  0352	22		ret
  168:
  169:	  0353			hangdv:
  170:	  0353	C2 B1		clr	p3.1
  171:	  0355	D2 B2		setb	p3.2
  172:	  0357	F5 A0		mov	p2,a
  173:	  0359	12 03 5D	lcall	wait1s
  174:	  035C	22		ret
  175:
  176:
  177:	  035D			wait1s:
  178:	  035D	79 64			mov R1,#100
  179:	  035F			here1:
  180:	  035F	7A 64			mov R2,#100
  181:	  0361			here2:
  182:	  0361	00			nop
  183:	  0362	00			nop
  184:	  0363	00			nop
  185:	  0364	DA FB			djnz R2,here2
  186:	  0366	D9 F7			djnz R1,here1
  187:	  0368	22			ret
  188:				end
  189:





                     register banks used:  ---

                     no errors




ASEM-51 V1.3                                         Copyright (c) 2002 by W.W. Heinz                                         PAGE 5





	       L I S T   O F   S Y M B O L S
	       =============================


SYMBOL				  TYPE     VALUE	LINE
------------------------------------------------------------
??ASEM_51			  NUMBER    8051
??VERSION			  NUMBER    0130
AC				  BIT	      D6
ACC				  DATA	      E0
B				  DATA	      F0
CY				  BIT	      D7
DPH				  DATA	      83
DPL				  DATA	      82
DSP				  CODE	    0245	  34
DSP1				  CODE	    02D7	 102
EA				  BIT	      AF
ES				  BIT	      AC
ET0				  BIT	      A9
ET1				  BIT	      AB
EX0				  BIT	      A8
EX1				  BIT	      AA
EXTI0				  CODE	    0003
EXTI1				  CODE	    0013
F0				  BIT	      D5
HANGCHUC			  CODE	    0348	 162
HANGDV				  CODE	    0353	 169
HERE1				  CODE	    035F	 179
HERE2				  CODE	    0361	 181
IE				  DATA	      A8
IE0				  BIT	      89
IE1				  BIT	      8B
INT0				  BIT	      B2
INT1				  BIT	      B3
IP				  DATA	      B8
IT0				  BIT	      88
IT1				  BIT	      8A
LOOP1				  CODE	    0204	   8
LOOP2				  CODE	    0242	  31
LOOP3				  CODE	    0296	  76
LOOP5				  CODE	    02D4	  99
LOOP9				  CODE	    0328	 145
MAIN				  CODE	    0200	   5
OV				  BIT	      D2
P				  BIT	      D0
P0				  DATA	      80
P1				  DATA	      90
P2				  DATA	      A0
P3				  DATA	      B0
PCON				  DATA	      87
PS				  BIT	      BC
PSW				  DATA	      D0
PT0				  BIT	      B9
PT1				  BIT	      BB
PX0				  BIT	      B8
PX1				  BIT	      BA

ASEM-51 V1.3                                         Copyright (c) 2002 by W.W. Heinz                                         PAGE 6



SYMBOL				  TYPE     VALUE	LINE
------------------------------------------------------------
RB8				  BIT	      9A
RD				  BIT	      B7
REN				  BIT	      9C
RESET				  CODE	    0000
RI				  BIT	      98
RS0				  BIT	      D3
RS1				  BIT	      D4
RXD				  BIT	      B0
SBUF				  DATA	      99
SCON				  DATA	      98
SINT				  CODE	    0023
SM0				  BIT	      9F
SM1				  BIT	      9E
SM2				  BIT	      9D
SP				  DATA	      81
T0				  BIT	      B4
T1				  BIT	      B5
TB8				  BIT	      9B
TCON				  DATA	      88
TF0				  BIT	      8D
TF1				  BIT	      8F
TH0				  DATA	      8C
TH1				  DATA	      8D
TI				  BIT	      99
TIMER0				  CODE	    000B
TIMER1				  CODE	    001B
TL0				  DATA	      8A
TL1				  DATA	      8B
TMOD				  DATA	      89
TR0				  BIT	      8C
TR1				  BIT	      8E
TXD				  BIT	      B1
WAIT1S				  CODE	    035D	 177
WR				  BIT	      B6
