
ASEM-51 V1.3                                         Copyright (c) 2002 by W.W. Heinz                                         PAGE 1





       MCS-51 Family Macro Assembler   A S E M - 5 1   V 1.3
       =====================================================



	Source File:	led_doi_kathode.ASM
	Object File:	led_doi_kathode.hex
	List File:	led_doi_kathode.lst



 Line  I  Addr  Code            Source

    1:		N      0000	org 	000H
    2:	  0000	02 02 00	ljmp 	main
    3:		N      0200	org 	200H
    4:
    5:	  0200			main:
    6:	  0200	74 40			mov 	a,#40H
    7:	  0202	12 02 35		lcall 	dsp
    8:	  0205	74 79			mov 	a,#79H
    9:	  0207	12 02 35		lcall 	dsp
   10:	  020A	74 24			mov 	a,#24H
   11:	  020C	12 02 35		lcall 	dsp
   12:	  020F	74 30			mov 	a,#30H
   13:	  0211	12 02 35		lcall 	dsp
   14:	  0214	74 19			mov 	a,#19H
   15:	  0216	12 02 35		lcall 	dsp
   16:	  0219	74 12			mov 	a,#12H
   17:	  021B	12 02 35		lcall 	dsp
   18:	  021E	74 02			mov 	a,#02H
   19:	  0220	12 02 35		lcall 	dsp
   20:	  0223	74 78			mov 	a,#78H
   21:	  0225	12 02 35		lcall 	dsp
   22:	  0228	74 00			mov 	a,#00H
   23:	  022A	12 02 35		lcall	 dsp
   24:	  022D	74 10			mov 	a,#10H
   25:	  022F	12 02 35		lcall 	dsp
   26:
   27:	  0232	02 02 00		ljmp main
   28:
   29:	  0235			dsp:
   30:	  0235	D2 B1			setb 	P3.1
   31:	  0237	C2 B2			clr 	P3.2
   32:	  0239	F5 A0			mov 	p2,a
   33:	  023B	12 02 F4		lcall 	wait1s
   34:	  023E	C2 B1			clr 	p3.1
   35:	  0240	D2 B2			setb	p3.2
   36:	  0242	75 A0 40		mov 	P2,#40h
   37:	  0245	12 02 F4		lcall 	wait1s
   38:	  0248	D2 B1			setb 	P3.1
   39:	  024A	C2 B2			clr 	P3.2
   40:	  024C	F5 A0			mov 	p2,a
   41:	  024E	12 02 F4		lcall 	wait1s
   42:	  0251	C2 B1			clr 	p3.1
   43:	  0253	D2 B2			setb	p3.2

ASEM-51 V1.3                                         Copyright (c) 2002 by W.W. Heinz                                         PAGE 2



 Line  I  Addr  Code            Source

   44:	  0255	75 A0 79		mov 	P2,#79h
   45:	  0258	12 02 F4		lcall 	wait1s
   46:	  025B	D2 B1			setb 	P3.1
   47:	  025D	C2 B2			clr 	P3.2
   48:	  025F	F5 A0			mov 	p2,a
   49:	  0261	12 02 F4		lcall 	wait1s
   50:	  0264	C2 B1			clr	 p3.1
   51:	  0266	D2 B2			setb	p3.2
   52:	  0268	75 A0 24		mov 	P2,#24h
   53:	  026B	12 02 F4		lcall	 wait1s
   54:	  026E	D2 B1			setb	 P3.1
   55:	  0270	C2 B2			clr 	P3.2
   56:	  0272	F5 A0			mov	 p2,a
   57:	  0274	12 02 F4		lcall	 wait1s
   58:	  0277	C2 B1			clr 	p3.1
   59:	  0279	D2 B2			setb	p3.2
   60:	  027B	75 A0 30		mov 	P2,#30h
   61:	  027E	12 02 F4		lcall 	wait1s
   62:	  0281	D2 B1			setb 	P3.1
   63:	  0283	C2 B2			clr 	P3.2
   64:	  0285	F5 A0			mov 	p2,a
   65:	  0287	12 02 F4		lcall	 wait1s
   66:	  028A	C2 B1			clr	 p3.1
   67:	  028C	D2 B2			setb	p3.2
   68:	  028E	75 A0 19		mov	 P2,#19h
   69:	  0291	12 02 F4		lcall 	wait1s
   70:	  0294	D2 B1			setb 	P3.1
   71:	  0296	C2 B2			clr 	P3.2
   72:	  0298	F5 A0			mov	 p2,a
   73:	  029A	12 02 F4		lcall	 wait1s
   74:	  029D	C2 B1			clr	 p3.1
   75:	  029F	D2 B2			setb	p3.2
   76:	  02A1	75 A0 12		mov	 P2,#12h
   77:	  02A4	12 02 F4		lcall	 wait1s
   78:	  02A7	D2 B1			setb	 P3.1
   79:	  02A9	C2 B2			clr	 P3.2
   80:	  02AB	F5 A0			mov	p2,a
   81:	  02AD	12 02 F4		lcall	 wait1s
   82:	  02B0	C2 B1			clr 	p3.1
   83:	  02B2	D2 B2			setb	p3.2
   84:	  02B4	75 A0 02		mov 	P2,#02h
   85:	  02B7	12 02 F4		lcall	 wait1s
   86:	  02BA	D2 B1			setb	 P3.1
   87:	  02BC	C2 B2			clr	 P3.2
   88:	  02BE	F5 A0			mov	 p2,a
   89:	  02C0	12 02 F4		lcall	 wait1s
   90:	  02C3	C2 B1			clr	 p3.1
   91:	  02C5	D2 B2			setb	p3.2
   92:	  02C7	75 A0 78		mov 	P2,#78h
   93:	  02CA	12 02 F4		lcall 	wait1s
   94:	  02CD	D2 B1			setb	 P3.1
   95:	  02CF	C2 B2			clr	 P3.2
   96:	  02D1	F5 A0			mov 	p2,a
   97:	  02D3	12 02 F4		lcall 	wait1s
   98:	  02D6	C2 B1			clr	 p3.1
   99:	  02D8	D2 B2			setb	p3.2

ASEM-51 V1.3                                         Copyright (c) 2002 by W.W. Heinz                                         PAGE 3



 Line  I  Addr  Code            Source

  100:	  02DA	75 A0 00		mov 	P2,#00h
  101:	  02DD	12 02 F4		lcall	 wait1s
  102:	  02E0	D2 B1			setb	 P3.1
  103:	  02E2	C2 B2			clr 	P3.2
  104:	  02E4	F5 A0			mov 	p2,a
  105:	  02E6	12 02 F4		lcall 	wait1s
  106:	  02E9	C2 B1			clr	 p3.1
  107:	  02EB	D2 B2			setb	p3.2
  108:	  02ED	75 A0 10		mov	 P2,#10h
  109:	  02F0	12 02 F4		lcall	 wait1s
  110:
  111:
  112:	  02F3	22		ret
  113:	  02F4			wait1s:
  114:	  02F4	79 64			mov R1,#100
  115:	  02F6			here1:
  116:	  02F6	7A 64			mov R2,#100
  117:	  02F8			here2:
  118:	  02F8	00			nop
  119:	  02F9	00			nop
  120:	  02FA	00			nop
  121:	  02FB	DA FB			djnz R2,here2
  122:	  02FD	D9 F7			djnz R1,here1
  123:	  02FF	22			ret
  124:				end





                     register banks used:  ---

                     no errors




ASEM-51 V1.3                                         Copyright (c) 2002 by W.W. Heinz                                         PAGE 4





	       L I S T   O F   S Y M B O L S
	       =============================


SYMBOL				  TYPE     VALUE	LINE
------------------------------------------------------------
??ASEM_51			  NUMBER    8051
??VERSION			  NUMBER    0130
AC				  BIT	      D6
ACC				  DATA	      E0
B				  DATA	      F0
CY				  BIT	      D7
DPH				  DATA	      83
DPL				  DATA	      82
DSP				  CODE	    0235	  29
EA				  BIT	      AF
ES				  BIT	      AC
ET0				  BIT	      A9
ET1				  BIT	      AB
EX0				  BIT	      A8
EX1				  BIT	      AA
EXTI0				  CODE	    0003
EXTI1				  CODE	    0013
F0				  BIT	      D5
HERE1				  CODE	    02F6	 115
HERE2				  CODE	    02F8	 117
IE				  DATA	      A8
IE0				  BIT	      89
IE1				  BIT	      8B
INT0				  BIT	      B2
INT1				  BIT	      B3
IP				  DATA	      B8
IT0				  BIT	      88
IT1				  BIT	      8A
MAIN				  CODE	    0200	   5
OV				  BIT	      D2
P				  BIT	      D0
P0				  DATA	      80
P1				  DATA	      90
P2				  DATA	      A0
P3				  DATA	      B0
PCON				  DATA	      87
PS				  BIT	      BC
PSW				  DATA	      D0
PT0				  BIT	      B9
PT1				  BIT	      BB
PX0				  BIT	      B8
PX1				  BIT	      BA
RB8				  BIT	      9A
RD				  BIT	      B7
REN				  BIT	      9C
RESET				  CODE	    0000
RI				  BIT	      98
RS0				  BIT	      D3
RS1				  BIT	      D4
RXD				  BIT	      B0

ASEM-51 V1.3                                         Copyright (c) 2002 by W.W. Heinz                                         PAGE 5



SYMBOL				  TYPE     VALUE	LINE
------------------------------------------------------------
SBUF				  DATA	      99
SCON				  DATA	      98
SINT				  CODE	    0023
SM0				  BIT	      9F
SM1				  BIT	      9E
SM2				  BIT	      9D
SP				  DATA	      81
T0				  BIT	      B4
T1				  BIT	      B5
TB8				  BIT	      9B
TCON				  DATA	      88
TF0				  BIT	      8D
TF1				  BIT	      8F
TH0				  DATA	      8C
TH1				  DATA	      8D
TI				  BIT	      99
TIMER0				  CODE	    000B
TIMER1				  CODE	    001B
TL0				  DATA	      8A
TL1				  DATA	      8B
TMOD				  DATA	      89
TR0				  BIT	      8C
TR1				  BIT	      8E
TXD				  BIT	      B1
WAIT1S				  CODE	    02F4	 113
WR				  BIT	      B6
