
ASEM-51 V1.3                                         Copyright (c) 2002 by W.W. Heinz                                         PAGE 1





       MCS-51 Family Macro Assembler   A S E M - 5 1   V 1.3
       =====================================================



	Source File:	..\..\vxl2\bai2\7441_7thanh_nhapnhay_cathode.ASM
	Object File:	..\..\vxl2\bai2\7441_7thanh_nhapnhay_cathode.hex
	List File:	..\..\vxl2\bai2\7441_7thanh_nhapnhay_cathode.lst



 Line  I  Addr  Code            Source

    1:		N      0000	org 0000H
    2:	  0000	02 02 00	ljmp main
    3:		N      0200	org 200H
    4:
    5:	  0200			main:
    6:	  0200	75 A0 00	mov	P2,#00000000b
    7:	  0203	12 02 06	lcall 	wait1s
    8:
    9:
   10:
   11:	  0206			wait1s:
   12:	  0206	79 C8		mov 	r1,#200
   13:
   14:	  0208			here1:
   15:	  0208	7A C8		mov	r2,#200
   16:
   17:	  020A			here2:
   18:	  020A	00		nop
   19:	  020B	00		nop
   20:	  020C	00		nop
   21:	  020D	DA FB		djnz	r2,here2
   22:	  020F	D9 F7		djnz	r1,here1
   23:	  0211	22		ret
   24:
   25:				end





                     register banks used:  ---

                     no errors




ASEM-51 V1.3                                         Copyright (c) 2002 by W.W. Heinz                                         PAGE 2





	       L I S T   O F   S Y M B O L S
	       =============================


SYMBOL				  TYPE     VALUE	LINE
------------------------------------------------------------
??ASEM_51			  NUMBER    8051
??VERSION			  NUMBER    0130
AC				  BIT	      D6
ACC				  DATA	      E0
B				  DATA	      F0
CY				  BIT	      D7
DPH				  DATA	      83
DPL				  DATA	      82
EA				  BIT	      AF
ES				  BIT	      AC
ET0				  BIT	      A9
ET1				  BIT	      AB
EX0				  BIT	      A8
EX1				  BIT	      AA
EXTI0				  CODE	    0003
EXTI1				  CODE	    0013
F0				  BIT	      D5
HERE1				  CODE	    0208	  14
HERE2				  CODE	    020A	  17
IE				  DATA	      A8
IE0				  BIT	      89
IE1				  BIT	      8B
INT0				  BIT	      B2
INT1				  BIT	      B3
IP				  DATA	      B8
IT0				  BIT	      88
IT1				  BIT	      8A
MAIN				  CODE	    0200	   5
OV				  BIT	      D2
P				  BIT	      D0
P0				  DATA	      80
P1				  DATA	      90
P2				  DATA	      A0
P3				  DATA	      B0
PCON				  DATA	      87
PS				  BIT	      BC
PSW				  DATA	      D0
PT0				  BIT	      B9
PT1				  BIT	      BB
PX0				  BIT	      B8
PX1				  BIT	      BA
RB8				  BIT	      9A
RD				  BIT	      B7
REN				  BIT	      9C
RESET				  CODE	    0000
RI				  BIT	      98
RS0				  BIT	      D3
RS1				  BIT	      D4
RXD				  BIT	      B0
SBUF				  DATA	      99

ASEM-51 V1.3                                         Copyright (c) 2002 by W.W. Heinz                                         PAGE 3



SYMBOL				  TYPE     VALUE	LINE
------------------------------------------------------------
SCON				  DATA	      98
SINT				  CODE	    0023
SM0				  BIT	      9F
SM1				  BIT	      9E
SM2				  BIT	      9D
SP				  DATA	      81
T0				  BIT	      B4
T1				  BIT	      B5
TB8				  BIT	      9B
TCON				  DATA	      88
TF0				  BIT	      8D
TF1				  BIT	      8F
TH0				  DATA	      8C
TH1				  DATA	      8D
TI				  BIT	      99
TIMER0				  CODE	    000B
TIMER1				  CODE	    001B
TL0				  DATA	      8A
TL1				  DATA	      8B
TMOD				  DATA	      89
TR0				  BIT	      8C
TR1				  BIT	      8E
TXD				  BIT	      B1
WAIT1S				  CODE	    0206	  11
WR				  BIT	      B6
