
ASEM-51 V1.3                                         Copyright (c) 2002 by W.W. Heinz                                         PAGE 1





       MCS-51 Family Macro Assembler   A S E M - 5 1   V 1.3
       =====================================================



	Source File:	..\..\vxl2\bai2\bai2.ASM
	Object File:	..\..\vxl2\bai2\bai2.hex
	List File:	..\..\vxl2\bai2\bai2.lst



 Line  I  Addr  Code            Source

    1:		N      0000	ORG 	0000H
    2:	  0000	02 02 00	LJMP	main
    3:		N      0200	org 	200H
    4:
    5:	  0200			main:
    6:	  0200	7B 03		mov R3,#3
    7:	  0202			loop1:
    8:	  0202	75 A0 40	mov 	P2,#01000000B;0
    9:	  0205	12 02 4B	lcall 	wait1s
   10:
   11:	  0208	75 A0 79	mov 	P2,#01111001B;1
   12:	  020B	12 02 4B	lcall 	wait1s
   13:
   14:	  020E	75 A0 24	mov 	P2,#00100100B;2
   15:	  0211	12 02 4B	lcall 	wait1s
   16:
   17:	  0214	75 A0 30	mov 	P2,#00110000B;3
   18:	  0217	12 02 4B	lcall 	wait1s
   19:
   20:	  021A	75 A0 19	mov 	P2,#00011001B;4
   21:	  021D	12 02 4B	lcall 	wait1s
   22:
   23:	  0220	75 A0 12	mov 	P2,#00010010B;5
   24:	  0223	12 02 4B	lcall 	wait1s
   25:
   26:	  0226	75 A0 02	mov 	P2,#00000010B
   27:	  0229	12 02 4B	lcall 	wait1s
   28:
   29:	  022C	75 A0 78	mov 	P2,#01111000B
   30:	  022F	12 02 4B	lcall 	wait1s
   31:	  0232	75 A0 00	mov 	P2,#00000000B
   32:	  0235	12 02 4B	lcall 	wait1s
   33:
   34:
   35:
   36:	  0238	DB C8		djnz	r3,loop1
   37:
   38:
   39:	  023A			loop2:
   40:	  023A	75 A0 02	mov 	P2,#00000010B
   41:	  023D	12 02 4B	lcall 	wait1s
   42:	  0240	75 A0 FF	mov 	P2,#11111111B
   43:	  0243	12 02 4B	lcall 	wait1s

ASEM-51 V1.3                                         Copyright (c) 2002 by W.W. Heinz                                         PAGE 2



 Line  I  Addr  Code            Source

   44:	  0246	80 F2		sjmp	loop2
   45:
   46:	  0248	02 02 00	ljmp	main
   47:
   48:	  024B			wait1s:
   49:	  024B	79 C8			mov	R1,#200
   50:	  024D			here1:
   51:	  024D	7A C8			mov	R2,#200
   52:	  024F			here2:
   53:	  024F	00			nop
   54:	  0250	00			nop
   55:	  0251	00			nop
   56:	  0252	DA FB		djnz	r2,here2
   57:	  0254	D9 F7		djnz 	r1,here1
   58:	  0256	22		ret
   59:				end





                     register banks used:  ---

                     no errors




ASEM-51 V1.3                                         Copyright (c) 2002 by W.W. Heinz                                         PAGE 3





	       L I S T   O F   S Y M B O L S
	       =============================


SYMBOL				  TYPE     VALUE	LINE
------------------------------------------------------------
??ASEM_51			  NUMBER    8051
??VERSION			  NUMBER    0130
AC				  BIT	      D6
ACC				  DATA	      E0
B				  DATA	      F0
CY				  BIT	      D7
DPH				  DATA	      83
DPL				  DATA	      82
EA				  BIT	      AF
ES				  BIT	      AC
ET0				  BIT	      A9
ET1				  BIT	      AB
EX0				  BIT	      A8
EX1				  BIT	      AA
EXTI0				  CODE	    0003
EXTI1				  CODE	    0013
F0				  BIT	      D5
HERE1				  CODE	    024D	  50
HERE2				  CODE	    024F	  52
IE				  DATA	      A8
IE0				  BIT	      89
IE1				  BIT	      8B
INT0				  BIT	      B2
INT1				  BIT	      B3
IP				  DATA	      B8
IT0				  BIT	      88
IT1				  BIT	      8A
LOOP1				  CODE	    0202	   7
LOOP2				  CODE	    023A	  39
MAIN				  CODE	    0200	   5
OV				  BIT	      D2
P				  BIT	      D0
P0				  DATA	      80
P1				  DATA	      90
P2				  DATA	      A0
P3				  DATA	      B0
PCON				  DATA	      87
PS				  BIT	      BC
PSW				  DATA	      D0
PT0				  BIT	      B9
PT1				  BIT	      BB
PX0				  BIT	      B8
PX1				  BIT	      BA
RB8				  BIT	      9A
RD				  BIT	      B7
REN				  BIT	      9C
RESET				  CODE	    0000
RI				  BIT	      98
RS0				  BIT	      D3
RS1				  BIT	      D4

ASEM-51 V1.3                                         Copyright (c) 2002 by W.W. Heinz                                         PAGE 4



SYMBOL				  TYPE     VALUE	LINE
------------------------------------------------------------
RXD				  BIT	      B0
SBUF				  DATA	      99
SCON				  DATA	      98
SINT				  CODE	    0023
SM0				  BIT	      9F
SM1				  BIT	      9E
SM2				  BIT	      9D
SP				  DATA	      81
T0				  BIT	      B4
T1				  BIT	      B5
TB8				  BIT	      9B
TCON				  DATA	      88
TF0				  BIT	      8D
TF1				  BIT	      8F
TH0				  DATA	      8C
TH1				  DATA	      8D
TI				  BIT	      99
TIMER0				  CODE	    000B
TIMER1				  CODE	    001B
TL0				  DATA	      8A
TL1				  DATA	      8B
TMOD				  DATA	      89
TR0				  BIT	      8C
TR1				  BIT	      8E
TXD				  BIT	      B1
WAIT1S				  CODE	    024B	  48
WR				  BIT	      B6
