
ASEM-51 V1.3                                         Copyright (c) 2002 by W.W. Heinz                                         PAGE 1





       MCS-51 Family Macro Assembler   A S E M - 5 1   V 1.3
       =====================================================



	Source File:	..\..\vxl2\bai2\kathod.ASM
	Object File:	..\..\vxl2\bai2\kathod.hex
	List File:	..\..\vxl2\bai2\kathod.lst



 Line  I  Addr  Code            Source

    1:		N      0000	ORG 	0000H
    2:	  0000	02 02 00	LJMP	main
    3:		N      0200	org 	200H
    4:
    5:	  0200			main:
    6:	  0200	7B 03		mov R3,#3
    7:	  0202			loop1:
    8:	  0202	75 A0 3F	MOV     P2,#00111111B;0
    9:	  0205	12 02 45	LCALL   WAIT1S
   10:	  0208	75 A0 06	MOV     P2,#00000110B;1
   11:	  020B	12 02 45	LCALL   WAIT1S
   12:	  020E	75 A0 5B	MOV     P2,#01011011B;2
   13:	  0211	12 02 45	LCALL   WAIT1S
   14:	  0214	75 A0 4F	MOV     P2,#01001111B;3
   15:	  0217	12 02 45	LCALL   WAIT1S
   16:	  021A	75 A0 66	MOV     P2,#01100110B;4
   17:	  021D	12 02 45	LCALL   WAIT1S
   18:	  0220	75 A0 6D	MOV     P2,#01101101B;5
   19:	  0223	12 02 45	LCALL   WAIT1S
   20:	  0226	75 A0 7D	MOV     P2,#01111101B;6
   21:	  0229	12 02 45	LCALL   WAIT1S
   22:	  022C	75 A0 07	MOV     P2,#00000111B;7
   23:	  022F	12 02 45	LCALL   WAIT1S
   24:	  0232	75 A0 FF	MOV     P2,#11111111B;8
   25:	  0235	12 02 45	LCALL   WAIT1S
   26:	  0238	75 A0 6F	MOV     P2,#01101111B;9
   27:	  023B	12 02 45	LCALL   WAIT1S
   28:
   29:
   30:
   31:	  023E	DB C2		djnz	r3,loop1
   32:
   33:	  0240			loop2:
   34:	  0240	80 FE		sjmp	loop2
   35:
   36:
   37:	  0242	02 02 00	ljmp	main
   38:
   39:	  0245			wait1s:
   40:	  0245	79 C8			mov	R1,#200
   41:	  0247			here1:
   42:	  0247	7A C8			mov	R2,#200
   43:	  0249			here2:

ASEM-51 V1.3                                         Copyright (c) 2002 by W.W. Heinz                                         PAGE 2



 Line  I  Addr  Code            Source

   44:	  0249	00			nop
   45:	  024A	00			nop
   46:	  024B	00			nop
   47:	  024C	DA FB		djnz	r2,here2
   48:	  024E	D9 F7		djnz 	r1,here1
   49:	  0250	22		ret
   50:				end





                     register banks used:  ---

                     no errors




ASEM-51 V1.3                                         Copyright (c) 2002 by W.W. Heinz                                         PAGE 3





	       L I S T   O F   S Y M B O L S
	       =============================


SYMBOL				  TYPE     VALUE	LINE
------------------------------------------------------------
??ASEM_51			  NUMBER    8051
??VERSION			  NUMBER    0130
AC				  BIT	      D6
ACC				  DATA	      E0
B				  DATA	      F0
CY				  BIT	      D7
DPH				  DATA	      83
DPL				  DATA	      82
EA				  BIT	      AF
ES				  BIT	      AC
ET0				  BIT	      A9
ET1				  BIT	      AB
EX0				  BIT	      A8
EX1				  BIT	      AA
EXTI0				  CODE	    0003
EXTI1				  CODE	    0013
F0				  BIT	      D5
HERE1				  CODE	    0247	  41
HERE2				  CODE	    0249	  43
IE				  DATA	      A8
IE0				  BIT	      89
IE1				  BIT	      8B
INT0				  BIT	      B2
INT1				  BIT	      B3
IP				  DATA	      B8
IT0				  BIT	      88
IT1				  BIT	      8A
LOOP1				  CODE	    0202	   7
LOOP2				  CODE	    0240	  33
MAIN				  CODE	    0200	   5
OV				  BIT	      D2
P				  BIT	      D0
P0				  DATA	      80
P1				  DATA	      90
P2				  DATA	      A0
P3				  DATA	      B0
PCON				  DATA	      87
PS				  BIT	      BC
PSW				  DATA	      D0
PT0				  BIT	      B9
PT1				  BIT	      BB
PX0				  BIT	      B8
PX1				  BIT	      BA
RB8				  BIT	      9A
RD				  BIT	      B7
REN				  BIT	      9C
RESET				  CODE	    0000
RI				  BIT	      98
RS0				  BIT	      D3
RS1				  BIT	      D4

ASEM-51 V1.3                                         Copyright (c) 2002 by W.W. Heinz                                         PAGE 4



SYMBOL				  TYPE     VALUE	LINE
------------------------------------------------------------
RXD				  BIT	      B0
SBUF				  DATA	      99
SCON				  DATA	      98
SINT				  CODE	    0023
SM0				  BIT	      9F
SM1				  BIT	      9E
SM2				  BIT	      9D
SP				  DATA	      81
T0				  BIT	      B4
T1				  BIT	      B5
TB8				  BIT	      9B
TCON				  DATA	      88
TF0				  BIT	      8D
TF1				  BIT	      8F
TH0				  DATA	      8C
TH1				  DATA	      8D
TI				  BIT	      99
TIMER0				  CODE	    000B
TIMER1				  CODE	    001B
TL0				  DATA	      8A
TL1				  DATA	      8B
TMOD				  DATA	      89
TR0				  BIT	      8C
TR1				  BIT	      8E
TXD				  BIT	      B1
WAIT1S				  CODE	    0245	  39
WR				  BIT	      B6
