
ASEM-51 V1.3                                         Copyright (c) 2002 by W.W. Heinz                                         PAGE 1





       MCS-51 Family Macro Assembler   A S E M - 5 1   V 1.3
       =====================================================



	Source File:	bai2.ASM
	Object File:	bai2.hex
	List File:	bai2.lst



 Line  I  Addr  Code            Source

    1:		N      0000	ORG 	0000H
    2:	  0000	02 02 00	LJMP	main
    3:		N      0200	org 	200H
    4:
    5:	  0200			main:
    6:	  0200	75 A0 01	mov 	P2,#00000001B
    7:	  0203	12 02 33	lcall 	wait1s
    8:
    9:	  0206	75 A0 02	mov 	P2,#00000010B
   10:	  0209	12 02 33	lcall 	wait1s
   11:
   12:	  020C	75 A0 04	mov 	P2,#00000100B
   13:	  020F	12 02 33	lcall 	wait1s
   14:
   15:	  0212	75 A0 08	mov 	P2,#00001000B
   16:	  0215	12 02 33	lcall 	wait1s
   17:
   18:	  0218	75 A0 10	mov 	P2,#00010000B
   19:	  021B	12 02 33	lcall 	wait1s
   20:
   21:	  021E	75 A0 20	mov 	P2,#00100000B
   22:	  0221	12 02 33	lcall 	wait1s
   23:
   24:	  0224	75 A0 40	mov 	P2,#01000000B
   25:	  0227	12 02 33	lcall 	wait1s
   26:
   27:	  022A	75 A0 80	mov 	P2,#10000000B
   28:	  022D	12 02 33	lcall 	wait1s
   29:
   30:	  0230	02 02 00	ljmp	main
   31:
   32:	  0233			wait1s:
   33:	  0233	79 C8			mov	R1,#200
   34:	  0235			here1:
   35:	  0235	7A C8			mov	R2,#200
   36:	  0237			here2:
   37:	  0237	00			nop
   38:	  0238	00			nop
   39:	  0239	00			nop
   40:	  023A	DA FB		djnz	r2,here2
   41:	  023C	D9 F7		djnz 	r1,here1
   42:	  023E	22		ret
   43:				end

ASEM-51 V1.3                                         Copyright (c) 2002 by W.W. Heinz                                         PAGE 2








                     register banks used:  ---

                     no errors




ASEM-51 V1.3                                         Copyright (c) 2002 by W.W. Heinz                                         PAGE 3





	       L I S T   O F   S Y M B O L S
	       =============================


SYMBOL				  TYPE     VALUE	LINE
------------------------------------------------------------
??ASEM_51			  NUMBER    8051
??VERSION			  NUMBER    0130
AC				  BIT	      D6
ACC				  DATA	      E0
B				  DATA	      F0
CY				  BIT	      D7
DPH				  DATA	      83
DPL				  DATA	      82
EA				  BIT	      AF
ES				  BIT	      AC
ET0				  BIT	      A9
ET1				  BIT	      AB
EX0				  BIT	      A8
EX1				  BIT	      AA
EXTI0				  CODE	    0003
EXTI1				  CODE	    0013
F0				  BIT	      D5
HERE1				  CODE	    0235	  34
HERE2				  CODE	    0237	  36
IE				  DATA	      A8
IE0				  BIT	      89
IE1				  BIT	      8B
INT0				  BIT	      B2
INT1				  BIT	      B3
IP				  DATA	      B8
IT0				  BIT	      88
IT1				  BIT	      8A
MAIN				  CODE	    0200	   5
OV				  BIT	      D2
P				  BIT	      D0
P0				  DATA	      80
P1				  DATA	      90
P2				  DATA	      A0
P3				  DATA	      B0
PCON				  DATA	      87
PS				  BIT	      BC
PSW				  DATA	      D0
PT0				  BIT	      B9
PT1				  BIT	      BB
PX0				  BIT	      B8
PX1				  BIT	      BA
RB8				  BIT	      9A
RD				  BIT	      B7
REN				  BIT	      9C
RESET				  CODE	    0000
RI				  BIT	      98
RS0				  BIT	      D3
RS1				  BIT	      D4
RXD				  BIT	      B0
SBUF				  DATA	      99

ASEM-51 V1.3                                         Copyright (c) 2002 by W.W. Heinz                                         PAGE 4



SYMBOL				  TYPE     VALUE	LINE
------------------------------------------------------------
SCON				  DATA	      98
SINT				  CODE	    0023
SM0				  BIT	      9F
SM1				  BIT	      9E
SM2				  BIT	      9D
SP				  DATA	      81
T0				  BIT	      B4
T1				  BIT	      B5
TB8				  BIT	      9B
TCON				  DATA	      88
TF0				  BIT	      8D
TF1				  BIT	      8F
TH0				  DATA	      8C
TH1				  DATA	      8D
TI				  BIT	      99
TIMER0				  CODE	    000B
TIMER1				  CODE	    001B
TL0				  DATA	      8A
TL1				  DATA	      8B
TMOD				  DATA	      89
TR0				  BIT	      8C
TR1				  BIT	      8E
TXD				  BIT	      B1
WAIT1S				  CODE	    0233	  32
WR				  BIT	      B6
