
ASEM-51 V1.3                                         Copyright (c) 2002 by W.W. Heinz                                         PAGE 1





       MCS-51 Family Macro Assembler   A S E M - 5 1   V 1.3
       =====================================================



	Source File:	bai3.ASM
	Object File:	bai3.hex
	List File:	bai3.lst



 Line  I  Addr  Code            Source

    1:		N      0000	ORG 	0000H
    2:	  0000	02 02 00	LJMP	main
    3:		N      0200	org 	200H
    4:
    5:	  0200			main:
    6:	  0200	7B 03		mov 	R3,#3
    7:	  0202	74 F4		mov 	A,#500
					      ^
			  @@@@@ expression out of range @@@@@

    8:	  0204			loop1:
    9:
   10:
   11:	  0204	7C 01		mov R4,#00000001B
   12:	  0206	75 A0 00	mov P2,#0
   13:	  0209	12 02 1B	lcall	wait1s
   14:
   15:	  020C			loop3:
   16:	  020C	8C A0			mov 	P2,R4
   17:	  020E	12 02 1B		Lcall	wait1s
   18:	  0211	23			RL 	A
   19:	  0212	80 F8			Sjmp 	loop3
   20:	  0214	80 F8 1B		djnz 	A,loop3
						^
			  @@@@@ illegal operand @@@@@

   21:
   22:
   23:
   24:	  0217	DB EB		djnz	R3, loop1
   25:
   26:	  0219			loop2:
   27:	  0219	80 FE		sjmp	loop2
   28:
   29:
   30:	  021B			wait1s:
   31:	  021B	79 C8			mov	R1,#200
   32:	  021D			here1:
   33:	  021D	7A C8			mov	R2,#200
   34:	  021F			here2:
   35:	  021F	00			nop
   36:	  0220	00			nop
   37:	  0221	00			nop

ASEM-51 V1.3                                         Copyright (c) 2002 by W.W. Heinz                                         PAGE 2



 Line  I  Addr  Code            Source

   38:	  0222	DA FB		djnz	r2,here2
   39:	  0224	D9 F7		djnz 	r1,here1
   40:
   41:	  0226	22		ret
   42:
   43:				end





                     register banks used:  ---

                     2 errors detected




ASEM-51 V1.3                                         Copyright (c) 2002 by W.W. Heinz                                         PAGE 3





	       L I S T   O F   S Y M B O L S
	       =============================


SYMBOL				  TYPE     VALUE	LINE
------------------------------------------------------------
??ASEM_51			  NUMBER    8051
??VERSION			  NUMBER    0130
AC				  BIT	      D6
ACC				  DATA	      E0
B				  DATA	      F0
CY				  BIT	      D7
DPH				  DATA	      83
DPL				  DATA	      82
EA				  BIT	      AF
ES				  BIT	      AC
ET0				  BIT	      A9
ET1				  BIT	      AB
EX0				  BIT	      A8
EX1				  BIT	      AA
EXTI0				  CODE	    0003
EXTI1				  CODE	    0013
F0				  BIT	      D5
HERE1				  CODE	    021D	  32
HERE2				  CODE	    021F	  34
IE				  DATA	      A8
IE0				  BIT	      89
IE1				  BIT	      8B
INT0				  BIT	      B2
INT1				  BIT	      B3
IP				  DATA	      B8
IT0				  BIT	      88
IT1				  BIT	      8A
LOOP1				  CODE	    0204	   8
LOOP2				  CODE	    0219	  26
LOOP3				  CODE	    020C	  15
MAIN				  CODE	    0200	   5
OV				  BIT	      D2
P				  BIT	      D0
P0				  DATA	      80
P1				  DATA	      90
P2				  DATA	      A0
P3				  DATA	      B0
PCON				  DATA	      87
PS				  BIT	      BC
PSW				  DATA	      D0
PT0				  BIT	      B9
PT1				  BIT	      BB
PX0				  BIT	      B8
PX1				  BIT	      BA
RB8				  BIT	      9A
RD				  BIT	      B7
REN				  BIT	      9C
RESET				  CODE	    0000
RI				  BIT	      98
RS0				  BIT	      D3

ASEM-51 V1.3                                         Copyright (c) 2002 by W.W. Heinz                                         PAGE 4



SYMBOL				  TYPE     VALUE	LINE
------------------------------------------------------------
RS1				  BIT	      D4
RXD				  BIT	      B0
SBUF				  DATA	      99
SCON				  DATA	      98
SINT				  CODE	    0023
SM0				  BIT	      9F
SM1				  BIT	      9E
SM2				  BIT	      9D
SP				  DATA	      81
T0				  BIT	      B4
T1				  BIT	      B5
TB8				  BIT	      9B
TCON				  DATA	      88
TF0				  BIT	      8D
TF1				  BIT	      8F
TH0				  DATA	      8C
TH1				  DATA	      8D
TI				  BIT	      99
TIMER0				  CODE	    000B
TIMER1				  CODE	    001B
TL0				  DATA	      8A
TL1				  DATA	      8B
TMOD				  DATA	      89
TR0				  BIT	      8C
TR1				  BIT	      8E
TXD				  BIT	      B1
WAIT1S				  CODE	    021B	  30
WR				  BIT	      B6
