
ASEM-51 V1.3                                         Copyright (c) 2002 by W.W. Heinz                                         PAGE 1





       MCS-51 Family Macro Assembler   A S E M - 5 1   V 1.3
       =====================================================



	Source File:	..\..\vxl2\bai1\saubo.ASM
	Object File:	..\..\vxl2\bai1\saubo.hex
	List File:	..\..\vxl2\bai1\saubo.lst



 Line  I  Addr  Code            Source

    1:		N      0000	ORG 	0000H
    2:
    3:	  0000			main:
    4:	  0000	7B 05		mov 	r3,#5
    5:
    6:	  0002			loop1:
    7:	  0002	75 A0 00	mov 	P2,#00000000B
    8:
    9:	  0005			loop2:
   10:	  0005	12 00 14	lcall	wait1s
   11:	  0008	E5 A0		mov 	A,P2
   12:	  000A	D3		setb	C
   13:	  000B	33		RLC	A
   14:	  000C	F5 A0		mov	P2,A
   15:	  000E	50 F5		JNC	loop2
   16:
   17:	  0010	DB F0		DJNZ 	r3,loop1
   18:
   19:	  0012			loop5:
   20:	  0012	80 FE		sjmp	loop5
   21:
   22:	  0014			wait1s:
   23:	  0014	79 C8		mov	r1,#200
   24:
   25:	  0016			here1:
   26:	  0016	7A C8		mov	r2,#200
   27:
   28:	  0018			here2:
   29:	  0018	00		nop
   30:	  0019	00		nop
   31:	  001A	00		nop
   32:	  001B	DA FB		djnz	r2,here2
   33:	  001D	D9 F7		djnz	r1,here1
   34:	  001F	22		ret
   35:
   36:				end





                     register banks used:  ---


ASEM-51 V1.3                                         Copyright (c) 2002 by W.W. Heinz                                         PAGE 2



                     no errors




ASEM-51 V1.3                                         Copyright (c) 2002 by W.W. Heinz                                         PAGE 3





	       L I S T   O F   S Y M B O L S
	       =============================


SYMBOL				  TYPE     VALUE	LINE
------------------------------------------------------------
??ASEM_51			  NUMBER    8051
??VERSION			  NUMBER    0130
AC				  BIT	      D6
ACC				  DATA	      E0
B				  DATA	      F0
CY				  BIT	      D7
DPH				  DATA	      83
DPL				  DATA	      82
EA				  BIT	      AF
ES				  BIT	      AC
ET0				  BIT	      A9
ET1				  BIT	      AB
EX0				  BIT	      A8
EX1				  BIT	      AA
EXTI0				  CODE	    0003
EXTI1				  CODE	    0013
F0				  BIT	      D5
HERE1				  CODE	    0016	  25
HERE2				  CODE	    0018	  28
IE				  DATA	      A8
IE0				  BIT	      89
IE1				  BIT	      8B
INT0				  BIT	      B2
INT1				  BIT	      B3
IP				  DATA	      B8
IT0				  BIT	      88
IT1				  BIT	      8A
LOOP1				  CODE	    0002	   6
LOOP2				  CODE	    0005	   9
LOOP5				  CODE	    0012	  19
MAIN				  CODE	    0000	   3
OV				  BIT	      D2
P				  BIT	      D0
P0				  DATA	      80
P1				  DATA	      90
P2				  DATA	      A0
P3				  DATA	      B0
PCON				  DATA	      87
PS				  BIT	      BC
PSW				  DATA	      D0
PT0				  BIT	      B9
PT1				  BIT	      BB
PX0				  BIT	      B8
PX1				  BIT	      BA
RB8				  BIT	      9A
RD				  BIT	      B7
REN				  BIT	      9C
RESET				  CODE	    0000
RI				  BIT	      98
RS0				  BIT	      D3

ASEM-51 V1.3                                         Copyright (c) 2002 by W.W. Heinz                                         PAGE 4



SYMBOL				  TYPE     VALUE	LINE
------------------------------------------------------------
RS1				  BIT	      D4
RXD				  BIT	      B0
SBUF				  DATA	      99
SCON				  DATA	      98
SINT				  CODE	    0023
SM0				  BIT	      9F
SM1				  BIT	      9E
SM2				  BIT	      9D
SP				  DATA	      81
T0				  BIT	      B4
T1				  BIT	      B5
TB8				  BIT	      9B
TCON				  DATA	      88
TF0				  BIT	      8D
TF1				  BIT	      8F
TH0				  DATA	      8C
TH1				  DATA	      8D
TI				  BIT	      99
TIMER0				  CODE	    000B
TIMER1				  CODE	    001B
TL0				  DATA	      8A
TL1				  DATA	      8B
TMOD				  DATA	      89
TR0				  BIT	      8C
TR1				  BIT	      8E
TXD				  BIT	      B1
WAIT1S				  CODE	    0014	  22
WR				  BIT	      B6
