
ASEM-51 V1.3                                         Copyright (c) 2002 by W.W. Heinz                                         PAGE 1





       MCS-51 Family Macro Assembler   A S E M - 5 1   V 1.3
       =====================================================



	Source File:	100thuan_200nguoc.ASM
	Object File:	100thuan_200nguoc.hex
	List File:	100thuan_200nguoc.lst



 Line  I  Addr  Code            Source

    1:		N      0000	org	0000H
    2:	  0000	02 02 00	ljmp	main
    3:		N      0200	org	200H
    4:
    5:
    6:	  0200			main:
    7:	  0200	7B 0A		mov	r3,#10
    8:	  0202	7C 14		mov	r4,#20
    9:	  0204	12 02 0A	lcall	thuan
   10:	  0207	12 02 24	lcall	nguoc
   11:
   12:	  020A			thuan:
   13:	  020A	75 A0 01	mov	p2,#00000001B
   14:	  020D	12 02 5E	lcall	wait1s
   15:
   16:	  0210	75 A0 02	mov	p2,#00000010B
   17:	  0213	12 02 5E	lcall	wait1s
   18:
   19:	  0216	75 A0 04	mov	p2,#00000100B
   20:	  0219	12 02 5E	lcall	wait1s
   21:
   22:	  021C	75 A0 08	mov	p2,#00001000B
   23:	  021F	12 02 5E	lcall	wait1s
   24:
   25:	  0222	DB E6		djnz	r3,thuan
   26:
   27:	  0224			nguoc:
   28:	  0224	75 A0 09	mov	p2,#00001001B
   29:	  0227	12 02 5E	lcall	wait1s
   30:
   31:	  022A	75 A0 08	mov	p2,#00001000B
   32:	  022D	12 02 5E	lcall	wait1s
   33:
   34:	  0230	75 A0 0C	mov	p2,#00001100B
   35:	  0233	12 02 5E	lcall	wait1s
   36:
   37:
   38:	  0236	75 A0 04	mov	p2,#00000100B
   39:	  0239	12 02 5E	lcall	wait1s
   40:
   41:	  023C	75 A0 06	mov	p2,#00000110B
   42:	  023F	12 02 5E	lcall	wait1s
   43:

ASEM-51 V1.3                                         Copyright (c) 2002 by W.W. Heinz                                         PAGE 2



 Line  I  Addr  Code            Source

   44:	  0242	75 A0 02	mov	p2,#00000010B
   45:	  0245	12 02 5E	lcall	wait1s
   46:
   47:	  0248	75 A0 03	mov	p2,#00000011B
   48:	  024B	12 02 5E	lcall	wait1s
   49:
   50:	  024E	75 A0 01	mov	p2,#00000001B
   51:	  0251	12 02 5E	lcall	wait1s
   52:
   53:	  0254	DC CE		djnz 	r4,nguoc
   54:
   55:	  0256			endloop:
   56:	  0256	75 A0 00	mov	P2,#00000000B
   57:	  0259	12 02 5E	lcall	wait1s
   58:	  025C	80 F8		sjmp	endloop
   59:
   60:
   61:	  025E			wait1s:
   62:	  025E	79 C8			mov	R1,#200
   63:	  0260			here1:
   64:	  0260	7A C8			mov	R2,#200
   65:	  0262			here2:
   66:	  0262	00			nop
   67:	  0263	00			nop
   68:	  0264	00			nop
   69:	  0265	DA FB		djnz	r2,here2
   70:	  0267	D9 F7		djnz 	r1,here1
   71:
   72:	  0269	22		ret
   73:
   74:				end





                     register banks used:  ---

                     no errors




ASEM-51 V1.3                                         Copyright (c) 2002 by W.W. Heinz                                         PAGE 3





	       L I S T   O F   S Y M B O L S
	       =============================


SYMBOL				  TYPE     VALUE	LINE
------------------------------------------------------------
??ASEM_51			  NUMBER    8051
??VERSION			  NUMBER    0130
AC				  BIT	      D6
ACC				  DATA	      E0
B				  DATA	      F0
CY				  BIT	      D7
DPH				  DATA	      83
DPL				  DATA	      82
EA				  BIT	      AF
ENDLOOP				  CODE	    0256	  55
ES				  BIT	      AC
ET0				  BIT	      A9
ET1				  BIT	      AB
EX0				  BIT	      A8
EX1				  BIT	      AA
EXTI0				  CODE	    0003
EXTI1				  CODE	    0013
F0				  BIT	      D5
HERE1				  CODE	    0260	  63
HERE2				  CODE	    0262	  65
IE				  DATA	      A8
IE0				  BIT	      89
IE1				  BIT	      8B
INT0				  BIT	      B2
INT1				  BIT	      B3
IP				  DATA	      B8
IT0				  BIT	      88
IT1				  BIT	      8A
MAIN				  CODE	    0200	   6
NGUOC				  CODE	    0224	  27
OV				  BIT	      D2
P				  BIT	      D0
P0				  DATA	      80
P1				  DATA	      90
P2				  DATA	      A0
P3				  DATA	      B0
PCON				  DATA	      87
PS				  BIT	      BC
PSW				  DATA	      D0
PT0				  BIT	      B9
PT1				  BIT	      BB
PX0				  BIT	      B8
PX1				  BIT	      BA
RB8				  BIT	      9A
RD				  BIT	      B7
REN				  BIT	      9C
RESET				  CODE	    0000
RI				  BIT	      98
RS0				  BIT	      D3
RS1				  BIT	      D4

ASEM-51 V1.3                                         Copyright (c) 2002 by W.W. Heinz                                         PAGE 4



SYMBOL				  TYPE     VALUE	LINE
------------------------------------------------------------
RXD				  BIT	      B0
SBUF				  DATA	      99
SCON				  DATA	      98
SINT				  CODE	    0023
SM0				  BIT	      9F
SM1				  BIT	      9E
SM2				  BIT	      9D
SP				  DATA	      81
T0				  BIT	      B4
T1				  BIT	      B5
TB8				  BIT	      9B
TCON				  DATA	      88
TF0				  BIT	      8D
TF1				  BIT	      8F
TH0				  DATA	      8C
TH1				  DATA	      8D
THUAN				  CODE	    020A	  12
TI				  BIT	      99
TIMER0				  CODE	    000B
TIMER1				  CODE	    001B
TL0				  DATA	      8A
TL1				  DATA	      8B
TMOD				  DATA	      89
TR0				  BIT	      8C
TR1				  BIT	      8E
TXD				  BIT	      B1
WAIT1S				  CODE	    025E	  61
WR				  BIT	      B6
