
ASEM-51 V1.3                                         Copyright (c) 2002 by W.W. Heinz                                         PAGE 1





       MCS-51 Family Macro Assembler   A S E M - 5 1   V 1.3
       =====================================================



	Source File:	..\..\vxl2\bai8_step_motors\20thuan_20nguoc.ASM
	Object File:	..\..\vxl2\bai8_step_motors\20thuan_20nguoc.hex
	List File:	..\..\vxl2\bai8_step_motors\20thuan_20nguoc.lst



 Line  I  Addr  Code            Source

    1:		N      0000	org	0000H
    2:	  0000	02 02 00	ljmp	main
    3:		N      0200	org	200h
    4:
    5:	  0200			main:
    6:	  0200	7B 14		mov	r3,#20
    7:	  0202	7C 14		mov	r4,#20
    8:
    9:	  0204			thuan:
   10:	  0204	75 A0 01	mov	P2,#00000001B
   11:	  0207	12 02 42	lcall	wait1s
   12:	  020A	75 A0 02	mov	P2,#00000010b
   13:	  020D	12 02 42	lcall	wait1s
   14:	  0210	75 A0 04	mov	P2,#00000100b
   15:	  0213	12 02 42	lcall	wait1s
   16:	  0216	75 A0 08	mov	P2,#00001000b
   17:	  0219	12 02 42	lcall	wait1s
   18:	  021C	DB E6		djnz	r3,thuan
   19:
   20:	  021E	80 00		sjmp	nguoc
   21:
   22:	  0220			nguoc:
   23:	  0220	75 A0 08	mov	P2,#00001000b
   24:	  0223	12 02 42	lcall	wait1s
   25:	  0226	75 A0 04	mov	P2,#00000100b
   26:	  0229	12 02 42	lcall	wait1s
   27:	  022C	75 A0 02	mov	P2,#00000010b
   28:	  022F	12 02 42	lcall	wait1s
   29:	  0232	75 A0 01	mov	P2,#00000001B
   30:	  0235	12 02 42	lcall	wait1s
   31:	  0238	DC E6		djnz	r4,nguoc
   32:
   33:	  023A			endloop2:
   34:	  023A	75 A0 00	mov	P2,#00000000B
   35:	  023D	12 02 42	lcall	wait1s
   36:	  0240	80 F8		sjmp	endloop2
   37:
   38:	  0242			wait1s:
   39:	  0242	79 C8			mov	R1,#200
   40:	  0244			here1:
   41:	  0244	7A C8			mov	R2,#200
   42:	  0246			here2:
   43:	  0246	00			nop

ASEM-51 V1.3                                         Copyright (c) 2002 by W.W. Heinz                                         PAGE 2



 Line  I  Addr  Code            Source

   44:	  0247	00			nop
   45:	  0248	00			nop
   46:	  0249	DA FB		djnz	r2,here2
   47:	  024B	D9 F7		djnz 	r1,here1
   48:
   49:	  024D	22		ret
   50:
   51:				end





                     register banks used:  ---

                     no errors




ASEM-51 V1.3                                         Copyright (c) 2002 by W.W. Heinz                                         PAGE 3





	       L I S T   O F   S Y M B O L S
	       =============================


SYMBOL				  TYPE     VALUE	LINE
------------------------------------------------------------
??ASEM_51			  NUMBER    8051
??VERSION			  NUMBER    0130
AC				  BIT	      D6
ACC				  DATA	      E0
B				  DATA	      F0
CY				  BIT	      D7
DPH				  DATA	      83
DPL				  DATA	      82
EA				  BIT	      AF
ENDLOOP2			  CODE	    023A	  33
ES				  BIT	      AC
ET0				  BIT	      A9
ET1				  BIT	      AB
EX0				  BIT	      A8
EX1				  BIT	      AA
EXTI0				  CODE	    0003
EXTI1				  CODE	    0013
F0				  BIT	      D5
HERE1				  CODE	    0244	  40
HERE2				  CODE	    0246	  42
IE				  DATA	      A8
IE0				  BIT	      89
IE1				  BIT	      8B
INT0				  BIT	      B2
INT1				  BIT	      B3
IP				  DATA	      B8
IT0				  BIT	      88
IT1				  BIT	      8A
MAIN				  CODE	    0200	   5
NGUOC				  CODE	    0220	  22
OV				  BIT	      D2
P				  BIT	      D0
P0				  DATA	      80
P1				  DATA	      90
P2				  DATA	      A0
P3				  DATA	      B0
PCON				  DATA	      87
PS				  BIT	      BC
PSW				  DATA	      D0
PT0				  BIT	      B9
PT1				  BIT	      BB
PX0				  BIT	      B8
PX1				  BIT	      BA
RB8				  BIT	      9A
RD				  BIT	      B7
REN				  BIT	      9C
RESET				  CODE	    0000
RI				  BIT	      98
RS0				  BIT	      D3
RS1				  BIT	      D4

ASEM-51 V1.3                                         Copyright (c) 2002 by W.W. Heinz                                         PAGE 4



SYMBOL				  TYPE     VALUE	LINE
------------------------------------------------------------
RXD				  BIT	      B0
SBUF				  DATA	      99
SCON				  DATA	      98
SINT				  CODE	    0023
SM0				  BIT	      9F
SM1				  BIT	      9E
SM2				  BIT	      9D
SP				  DATA	      81
T0				  BIT	      B4
T1				  BIT	      B5
TB8				  BIT	      9B
TCON				  DATA	      88
TF0				  BIT	      8D
TF1				  BIT	      8F
TH0				  DATA	      8C
TH1				  DATA	      8D
THUAN				  CODE	    0204	   9
TI				  BIT	      99
TIMER0				  CODE	    000B
TIMER1				  CODE	    001B
TL0				  DATA	      8A
TL1				  DATA	      8B
TMOD				  DATA	      89
TR0				  BIT	      8C
TR1				  BIT	      8E
TXD				  BIT	      B1
WAIT1S				  CODE	    0242	  38
WR				  BIT	      B6
